#
# There is insufficient memory for the Java Runtime Environment to continue.
# Native memory allocation (malloc) failed to allocate 1619200 bytes for Chunk::new
# Possible reasons:
#   The system is out of physical RAM or swap space
#   The process is running with CompressedOops enabled, and the Java Heap may be blocking the growth of the native heap
# Possible solutions:
#   Reduce memory load on the system
#   Increase physical memory or swap space
#   Check if swap backing store is full
#   Decrease Java heap size (-Xmx/-Xms)
#   Decrease number of Java threads
#   Decrease Java thread stack sizes (-Xss)
#   Set larger code cache with -XX:ReservedCodeCacheSize=
#   JVM is running with Zero Based Compressed Oops mode in which the Java heap is
#     placed in the first 32GB address space. The Java Heap base address is the
#     maximum limit for the native heap growth. Please use -XX:HeapBaseMinAddress
#     to set the Java Heap base and to place the Java Heap above 32GB virtual address.
# This output file may be truncated or incomplete.
#
#  Out of Memory Error (allocation.cpp:389), pid=25468, tid=0x000000000000beb4
#
# JRE version: OpenJDK Runtime Environment (8.0_232-b09) (build 1.8.0_232-b09)
# Java VM: OpenJDK 64-Bit Server VM (25.232-b09 mixed mode windows-amd64 compressed oops)
# Failed to write core dump. Minidumps are not enabled by default on client versions of Windows
#

---------------  T H R E A D  ---------------

Current thread (0x000001e97515f800):  JavaThread "C2 CompilerThread0" daemon [_thread_in_native, id=48820, stack(0x0000004c81a00000,0x0000004c81b00000)]

Stack: [0x0000004c81a00000,0x0000004c81b00000]
[error occurred during error reporting (printing stack bounds), id 0xc0000005]

Native frames: (J=compiled Java code, j=interpreted, Vv=VM code, C=native code)


Current CompileTask:
C2:  36341 8799   !   4       com.sun.beans.TypeResolver::resolve (274 bytes)


---------------  P R O C E S S  ---------------

Java Threads: ( => current thread )
  0x000001e978ab8000 JavaThread "[cicd-sample].processing.time.monitor.01" [_thread_blocked, id=22416, stack(0x0000004c83a00000,0x0000004c83b00000)]
  0x000001e978aba800 JavaThread "munit.01" [_thread_in_vm, id=31704, stack(0x0000004c83900000,0x0000004c83a00000)]
  0x000001e978abf000 JavaThread "PolicyManager-StaleCleaner.01" [_thread_blocked, id=7808, stack(0x0000004c83800000,0x0000004c83900000)]
  0x000001e978abb000 JavaThread "StreamingManager-CursorProviderCollector.01" [_thread_blocked, id=28580, stack(0x0000004c83700000,0x0000004c83800000)]
  0x000001e978abe000 JavaThread "[MuleRuntime].timer" [_thread_blocked, id=48628, stack(0x0000004c83600000,0x0000004c83700000)]
  0x000001e978abd800 JavaThread "Scheduler Maintenance.01" [_thread_blocked, id=14460, stack(0x0000004c83500000,0x0000004c83600000)]
  0x000001e97c5a1800 JavaThread "[MuleRuntime]._QuartzSchedulerThread" [_thread_blocked, id=35852, stack(0x0000004c83400000,0x0000004c83500000)]
  0x000001e97c5a1000 JavaThread "[MuleRuntime]._qz-1" [_thread_blocked, id=14932, stack(0x0000004c83300000,0x0000004c83400000)]
  0x000001e97c5a0000 JavaThread "[MuleRuntime].uber.04" [_thread_blocked, id=48252, stack(0x0000004c83200000,0x0000004c83300000)]
  0x000001e97c5a4000 JavaThread "[MuleRuntime].uber.03" [_thread_blocked, id=47392, stack(0x0000004c83100000,0x0000004c83200000)]
  0x000001e97c59e800 JavaThread "[MuleRuntime].uber.02" [_thread_blocked, id=34268, stack(0x0000004c83000000,0x0000004c83100000)]
  0x000001e97c5a3000 JavaThread "[MuleRuntime].uber.01" [_thread_blocked, id=31320, stack(0x0000004c82f00000,0x0000004c83000000)]
  0x000001e97c59e000 JavaThread "ForkJoinPool.commonPool-worker-3" daemon [_thread_blocked, id=2428, stack(0x0000004c82e00000,0x0000004c82f00000)]
  0x000001e978c27000 JavaThread "ForkJoinPool.commonPool-worker-2" daemon [_thread_blocked, id=41568, stack(0x0000004c82d00000,0x0000004c82e00000)]
  0x000001e978c27800 JavaThread "Log4j2-TF-4-AsyncLoggerConfig-4" daemon [_thread_blocked, id=24988, stack(0x0000004c82a00000,0x0000004c82b00000)]
  0x000001e97aa36800 JavaThread "pool-3-thread-1" [_thread_in_native, id=32688, stack(0x0000004c82900000,0x0000004c82a00000)]
  0x000001e97ac92000 JavaThread "Mule.app.deployer.monitor.1.thread.1" [_thread_blocked, id=32764, stack(0x0000004c82800000,0x0000004c82900000)]
  0x000001e97b2f9800 JavaThread "Log4j2-TF-3-AsyncLoggerConfig-3" daemon [_thread_blocked, id=47848, stack(0x0000004c82700000,0x0000004c82800000)]
  0x000001e979505800 JavaThread "[LicenseManager]" [_thread_in_Java, id=8524, stack(0x0000004c82600000,0x0000004c82700000)]
  0x000001e9767e3000 JavaThread "Log4j2-TF-2-AsyncLoggerConfig-2" daemon [_thread_blocked, id=38992, stack(0x0000004c82500000,0x0000004c82600000)]
  0x000001e97b9b3800 JavaThread "ForkJoinPool.commonPool-worker-1" daemon [_thread_blocked, id=15112, stack(0x0000004c82400000,0x0000004c82500000)]
  0x000001e97665c000 JavaThread "logger.context.reaper" [_thread_blocked, id=31796, stack(0x0000004c82300000,0x0000004c82400000)]
  0x000001e977d97800 JavaThread "Log4j2-TF-1-AsyncLoggerConfig-1" daemon [_thread_blocked, id=26588, stack(0x0000004c82200000,0x0000004c82300000)]
  0x000001e978c1d000 JavaThread "Embedded" [_thread_blocked, id=408, stack(0x0000004c82100000,0x0000004c82200000)]
  0x000001e976403000 JavaThread "Log4j2-TF-3-AsyncLoggerConfig--2" daemon [_thread_blocked, id=2732, stack(0x0000004c82000000,0x0000004c82100000)]
  0x000001e97616b800 JavaThread "Log4j2-TF-1-AsyncLoggerConfig--1" daemon [_thread_blocked, id=13724, stack(0x0000004c81f00000,0x0000004c82000000)]
  0x000001e9751bc000 JavaThread "Service Thread" daemon [_thread_blocked, id=22460, stack(0x0000004c81d00000,0x0000004c81e00000)]
  0x000001e9751b7800 JavaThread "C1 CompilerThread2" daemon [_thread_blocked, id=8324, stack(0x0000004c81c00000,0x0000004c81d00000)]
  0x000001e9751b6800 JavaThread "C2 CompilerThread1" daemon [_thread_in_native, id=48908, stack(0x0000004c81b00000,0x0000004c81c00000)]
=>0x000001e97515f800 JavaThread "C2 CompilerThread0" daemon [_thread_in_native, id=48820, stack(0x0000004c81a00000,0x0000004c81b00000)]
  0x000001e97515e800 JavaThread "Attach Listener" daemon [_thread_blocked, id=27284, stack(0x0000004c81900000,0x0000004c81a00000)]
  0x000001e975158800 JavaThread "Signal Dispatcher" daemon [_thread_blocked, id=30580, stack(0x0000004c81800000,0x0000004c81900000)]
  0x000001e9749f6000 JavaThread "Finalizer" daemon [_thread_blocked, id=47428, stack(0x0000004c81700000,0x0000004c81800000)]
  0x000001e975136000 JavaThread "Reference Handler" daemon [_thread_blocked, id=25260, stack(0x0000004c81600000,0x0000004c81700000)]
  0x000001e959f15000 JavaThread "main" [_thread_in_native, id=5788, stack(0x0000004c81000000,0x0000004c81100000)]

Other Threads:
  0x000001e975112800 VMThread [stack: 0x0000004c81500000,0x0000004c81600000] [id=29644]
  0x000001e9751be800 WatcherThread [stack: 0x0000004c81e00000,0x0000004c81f00000] [id=3832]

VM state:synchronizing (normal execution)

VM Mutex/Monitor currently owned by a thread:  ([mutex/lock_event])
[0x000001e959f14a60] Safepoint_lock - owner thread: 0x000001e975112800
[0x000001e959f12e60] Threads_lock - owner thread: 0x000001e975112800

heap address: 0x00000006c1e00000, size: 4066 MB, Compressed Oops mode: Zero based, Oop shift amount: 3
Narrow klass base: 0x0000000000000000, Narrow klass shift: 3
Compressed class space size: 1073741824 Address: 0x00000007c0000000

Heap:
 PSYoungGen      total 539136K, used 351617K [0x000000076b500000, 0x0000000799080000, 0x00000007c0000000)
  eden space 515584K, 68% used [0x000000076b500000,0x0000000780c607e0,0x000000078ac80000)
  from space 23552K, 0% used [0x0000000797980000,0x0000000797980000,0x0000000799080000)
  to   space 23040K, 0% used [0x000000078ac80000,0x000000078ac80000,0x000000078c300000)
 ParOldGen       total 118784K, used 40006K [0x00000006c1e00000, 0x00000006c9200000, 0x000000076b500000)
  object space 118784K, 33% used [0x00000006c1e00000,0x00000006c4511a20,0x00000006c9200000)
 Metaspace       used 65438K, capacity 71470K, committed 71640K, reserved 1112064K
  class space    used 8623K, capacity 9648K, committed 9728K, reserved 1048576K

Card table byte_map: [0x000001e96ac50000,0x000001e96b450000] byte_map_base: 0x000001e967641000

Marking Bits: (ParMarkBitMap*) 0x000000006c445f70
 Begin Bits: [0x000001e96b9a0000, 0x000001e96f928000)
 End Bits:   [0x000001e96f928000, 0x000001e9738b0000)

Polling page: 0x000001e95b860000

CodeCache: size=245760Kb used=28774Kb max_used=29010Kb free=216985Kb
 bounds [0x000001e95b890000, 0x000001e95d500000, 0x000001e96a890000]
 total_blobs=8336 nmethods=7756 adapters=492
 compilation: enabled

Compilation events (10 events):
Event: 36.176 Thread 0x000001e9751b7800 nmethod 8882 0x000001e95d4fbd90 code [0x000001e95d4fbee0, 0x000001e95d4fbff8]
Event: 36.177 Thread 0x000001e9751b7800 8883       3       org.apache.commons.lang3.StringUtils::repeat (38 bytes)
Event: 36.177 Thread 0x000001e9751b7800 nmethod 8883 0x000001e95d4fc050 code [0x000001e95d4fc200, 0x000001e95d4fc830]
Event: 36.213 Thread 0x000001e9751b7800 8884       3       com.google.gson.internal.bind.TypeAdapters$33::create (30 bytes)
Event: 36.213 Thread 0x000001e9751b7800 nmethod 8884 0x000001e95d4fcb10 code [0x000001e95d4fcc80, 0x000001e95d4fcf38]
Event: 36.214 Thread 0x000001e9751b7800 8885       3       java.io.ObjectOutputStream$BlockDataOutputStream::getUTFLength (124 bytes)
Event: 36.215 Thread 0x000001e9751b7800 nmethod 8885 0x000001e95b9d0cd0 code [0x000001e95b9d0e80, 0x000001e95b9d1530]
Event: 36.252 Thread 0x000001e9751b7800 8886       3       org.mule.runtime.module.artifact.api.classloader.ChildOnlyLookupStrategy::getClassLoaders (5 bytes)
Event: 36.253 Thread 0x000001e9751b7800 nmethod 8886 0x000001e95babc1d0 code [0x000001e95babc360, 0x000001e95babc6f8]
Event: 36.280 Thread 0x000001e9751b6800 8887   !   4       org.mule.runtime.container.internal.MuleClassLoaderLookupPolicy::getPackageLookupStrategy (85 bytes)

GC Heap History (10 events):
Event: 21.733 GC heap before
{Heap before GC invocations=9 (full 1):
 PSYoungGen      total 280576K, used 260033K [0x000000076b500000, 0x000000078da00000, 0x00000007c0000000)
  eden space 260096K, 99% used [0x000000076b500000,0x000000077b2f06a0,0x000000077b300000)
  from space 20480K, 0% used [0x000000077b300000,0x000000077b300000,0x000000077c700000)
  to   space 20992K, 0% used [0x000000078c580000,0x000000078c580000,0x000000078da00000)
 ParOldGen       total 97792K, used 11200K [0x00000006c1e00000, 0x00000006c7d80000, 0x000000076b500000)
  object space 97792K, 11% used [0x00000006c1e00000,0x00000006c28f0248,0x00000006c7d80000)
 Metaspace       used 33361K, capacity 34370K, committed 34560K, reserved 1079296K
  class space    used 4064K, capacity 4278K, committed 4352K, reserved 1048576K
Event: 21.755 GC heap after
Heap after GC invocations=9 (full 1):
 PSYoungGen      total 482304K, used 20390K [0x000000076b500000, 0x000000078d980000, 0x00000007c0000000)
  eden space 461824K, 0% used [0x000000076b500000,0x000000076b500000,0x0000000787800000)
  from space 20480K, 99% used [0x000000078c580000,0x000000078d969888,0x000000078d980000)
  to   space 23040K, 0% used [0x000000078ac80000,0x000000078ac80000,0x000000078c300000)
 ParOldGen       total 97792K, used 11208K [0x00000006c1e00000, 0x00000006c7d80000, 0x000000076b500000)
  object space 97792K, 11% used [0x00000006c1e00000,0x00000006c28f2248,0x00000006c7d80000)
 Metaspace       used 33361K, capacity 34370K, committed 34560K, reserved 1079296K
  class space    used 4064K, capacity 4278K, committed 4352K, reserved 1048576K
}
Event: 21.918 GC heap before
{Heap before GC invocations=10 (full 1):
 PSYoungGen      total 482304K, used 49247K [0x000000076b500000, 0x000000078d980000, 0x00000007c0000000)
  eden space 461824K, 6% used [0x000000076b500000,0x000000076d12e3f0,0x0000000787800000)
  from space 20480K, 99% used [0x000000078c580000,0x000000078d969888,0x000000078d980000)
  to   space 23040K, 0% used [0x000000078ac80000,0x000000078ac80000,0x000000078c300000)
 ParOldGen       total 97792K, used 11208K [0x00000006c1e00000, 0x00000006c7d80000, 0x000000076b500000)
  object space 97792K, 11% used [0x00000006c1e00000,0x00000006c28f2248,0x00000006c7d80000)
 Metaspace       used 34246K, capacity 35238K, committed 35416K, reserved 1081344K
  class space    used 4166K, capacity 4376K, committed 4480K, reserved 1048576K
Event: 21.927 GC heap after
Heap after GC invocations=10 (full 1):
 PSYoungGen      total 538624K, used 7039K [0x000000076b500000, 0x0000000799080000, 0x00000007c0000000)
  eden space 515584K, 0% used [0x000000076b500000,0x000000076b500000,0x000000078ac80000)
  from space 23040K, 30% used [0x000000078ac80000,0x000000078b35ff50,0x000000078c300000)
  to   space 23552K, 0% used [0x0000000797980000,0x0000000797980000,0x0000000799080000)
 ParOldGen       total 97792K, used 11216K [0x00000006c1e00000, 0x00000006c7d80000, 0x000000076b500000)
  object space 97792K, 11% used [0x00000006c1e00000,0x00000006c28f4248,0x00000006c7d80000)
 Metaspace       used 34246K, capacity 35238K, committed 35416K, reserved 1081344K
  class space    used 4166K, capacity 4376K, committed 4480K, reserved 1048576K
}
Event: 21.927 GC heap before
{Heap before GC invocations=11 (full 2):
 PSYoungGen      total 538624K, used 7039K [0x000000076b500000, 0x0000000799080000, 0x00000007c0000000)
  eden space 515584K, 0% used [0x000000076b500000,0x000000076b500000,0x000000078ac80000)
  from space 23040K, 30% used [0x000000078ac80000,0x000000078b35ff50,0x000000078c300000)
  to   space 23552K, 0% used [0x0000000797980000,0x0000000797980000,0x0000000799080000)
 ParOldGen       total 97792K, used 11216K [0x00000006c1e00000, 0x00000006c7d80000, 0x000000076b500000)
  object space 97792K, 11% used [0x00000006c1e00000,0x00000006c28f4248,0x00000006c7d80000)
 Metaspace       used 34246K, capacity 35238K, committed 35416K, reserved 1081344K
  class space    used 4166K, capacity 4376K, committed 4480K, reserved 1048576K
Event: 21.978 GC heap after
Heap after GC invocations=11 (full 2):
 PSYoungGen      total 538624K, used 0K [0x000000076b500000, 0x0000000799080000, 0x00000007c0000000)
  eden space 515584K, 0% used [0x000000076b500000,0x000000076b500000,0x000000078ac80000)
  from space 23040K, 0% used [0x000000078ac80000,0x000000078ac80000,0x000000078c300000)
  to   space 23552K, 0% used [0x0000000797980000,0x0000000797980000,0x0000000799080000)
 ParOldGen       total 118784K, used 15754K [0x00000006c1e00000, 0x00000006c9200000, 0x000000076b500000)
  object space 118784K, 13% used [0x00000006c1e00000,0x00000006c2d62ae0,0x00000006c9200000)
 Metaspace       used 34246K, capacity 35238K, committed 35416K, reserved 1081344K
  class space    used 4166K, capacity 4376K, committed 4480K, reserved 1048576K
}
Event: 29.606 GC heap before
{Heap before GC invocations=12 (full 2):
 PSYoungGen      total 538624K, used 339752K [0x000000076b500000, 0x0000000799080000, 0x00000007c0000000)
  eden space 515584K, 65% used [0x000000076b500000,0x00000007800ca000,0x000000078ac80000)
  from space 23040K, 0% used [0x000000078ac80000,0x000000078ac80000,0x000000078c300000)
  to   space 23552K, 0% used [0x0000000797980000,0x0000000797980000,0x0000000799080000)
 ParOldGen       total 118784K, used 15754K [0x00000006c1e00000, 0x00000006c9200000, 0x000000076b500000)
  object space 118784K, 13% used [0x00000006c1e00000,0x00000006c2d62ae0,0x00000006c9200000)
 Metaspace       used 54297K, capacity 58844K, committed 58968K, reserved 1099776K
  class space    used 7145K, capacity 7990K, committed 8064K, reserved 1048576K
Event: 29.648 GC heap after
Heap after GC invocations=12 (full 2):
 PSYoungGen      total 539136K, used 23536K [0x000000076b500000, 0x0000000799080000, 0x00000007c0000000)
  eden space 515584K, 0% used [0x000000076b500000,0x000000076b500000,0x000000078ac80000)
  from space 23552K, 99% used [0x0000000797980000,0x000000079907c2f0,0x0000000799080000)
  to   space 23040K, 0% used [0x000000078ac80000,0x000000078ac80000,0x000000078c300000)
 ParOldGen       total 118784K, used 18869K [0x00000006c1e00000, 0x00000006c9200000, 0x000000076b500000)
  object space 118784K, 15% used [0x00000006c1e00000,0x00000006c306d788,0x00000006c9200000)
 Metaspace       used 54297K, capacity 58844K, committed 58968K, reserved 1099776K
  class space    used 7145K, capacity 7990K, committed 8064K, reserved 1048576K
}
Event: 29.648 GC heap before
{Heap before GC invocations=13 (full 3):
 PSYoungGen      total 539136K, used 23536K [0x000000076b500000, 0x0000000799080000, 0x00000007c0000000)
  eden space 515584K, 0% used [0x000000076b500000,0x000000076b500000,0x000000078ac80000)
  from space 23552K, 99% used [0x0000000797980000,0x000000079907c2f0,0x0000000799080000)
  to   space 23040K, 0% used [0x000000078ac80000,0x000000078ac80000,0x000000078c300000)
 ParOldGen       total 118784K, used 18869K [0x00000006c1e00000, 0x00000006c9200000, 0x000000076b500000)
  object space 118784K, 15% used [0x00000006c1e00000,0x00000006c306d788,0x00000006c9200000)
 Metaspace       used 54297K, capacity 58844K, committed 58968K, reserved 1099776K
  class space    used 7145K, capacity 7990K, committed 8064K, reserved 1048576K
Event: 29.864 GC heap after
Heap after GC invocations=13 (full 3):
 PSYoungGen      total 539136K, used 0K [0x000000076b500000, 0x0000000799080000, 0x00000007c0000000)
  eden space 515584K, 0% used [0x000000076b500000,0x000000076b500000,0x000000078ac80000)
  from space 23552K, 0% used [0x0000000797980000,0x0000000797980000,0x0000000799080000)
  to   space 23040K, 0% used [0x000000078ac80000,0x000000078ac80000,0x000000078c300000)
 ParOldGen       total 118784K, used 40006K [0x00000006c1e00000, 0x00000006c9200000, 0x000000076b500000)
  object space 118784K, 33% used [0x00000006c1e00000,0x00000006c4511a20,0x00000006c9200000)
 Metaspace       used 54297K, capacity 58844K, committed 58968K, reserved 1099776K
  class space    used 7145K, capacity 7990K, committed 8064K, reserved 1048576K
}

Deoptimization events (10 events):
Event: 35.260 Thread 0x000001e978c1d000 Uncommon trap: reason=unstable_if action=reinterpret pc=0x000001e95c63ae1c method=java.util.regex.Pattern.split(Ljava/lang/CharSequence;I)[Ljava/lang/String; @ 255
Event: 35.276 Thread 0x000001e978c1d000 Uncommon trap: reason=null_check action=make_not_entrant pc=0x000001e95d34c5d8 method=org.springframework.util.ClassUtils.isAssignable(Ljava/lang/Class;Ljava/lang/Class;)Z @ 14
Event: 35.276 Thread 0x000001e978c1d000 Uncommon trap: reason=null_check action=make_not_entrant pc=0x000001e95d379140 method=org.springframework.util.ClassUtils.isAssignable(Ljava/lang/Class;Ljava/lang/Class;)Z @ 14
Event: 35.276 Thread 0x000001e978c1d000 Uncommon trap: reason=null_check action=make_not_entrant pc=0x000001e95d347aac method=org.springframework.util.ClassUtils.isAssignable(Ljava/lang/Class;Ljava/lang/Class;)Z @ 14
Event: 36.102 Thread 0x000001e978c1d000 Uncommon trap: reason=unstable_if action=reinterpret pc=0x000001e95bd61ee4 method=java.util.concurrent.ConcurrentHashMap.get(Ljava/lang/Object;)Ljava/lang/Object; @ 76
Event: 36.166 Thread 0x000001e978abf000 Uncommon trap: reason=unstable_if action=reinterpret pc=0x000001e95c12d304 method=sun.reflect.UnsafeObjectFieldAccessorImpl.set(Ljava/lang/Object;Ljava/lang/Object;)V @ 18
Event: 36.176 Thread 0x000001e978c1d000 Uncommon trap: reason=unstable_if action=reinterpret pc=0x000001e95cd83c64 method=java.util.HashMap.removeNode(ILjava/lang/Object;Ljava/lang/Object;ZZ)Ljava/util/HashMap$Node; @ 133
Event: 36.192 Thread 0x000001e959f15000 Uncommon trap: reason=unstable_if action=reinterpret pc=0x000001e95c67bde0 method=java.net.URI.match(CJJ)Z @ 19
Event: 36.192 Thread 0x000001e959f15000 Uncommon trap: reason=unstable_if action=reinterpret pc=0x000001e95c28618c method=java.net.URI.match(CJJ)Z @ 19
Event: 36.204 Thread 0x000001e959f15000 Uncommon trap: reason=bimorphic action=maybe_recompile pc=0x000001e95cc4b150 method=java.util.stream.ReferencePipeline.collect(Ljava/util/stream/Collector;)Ljava/lang/Object; @ 112

Classes redefined (0 events):
No events

Internal exceptions (10 events):
Event: 36.009 Thread 0x000001e978c1d000 Exception <a 'java/lang/ClassNotFoundException': org/mule/runtime/core/api/processor/AbstractMuleObjectOwnerCustomizer> (0x000000077fe8ce08) thrown at [C:\cygwin64\tmp\openjdk-jdk8u-windows-x64-hotspot\workspace\build\src\hotspot\src\share\vm\classfile\sy
Event: 36.066 Thread 0x000001e978c1d000 Exception <a 'java/lang/ClassNotFoundException': org/mule/runtime/core/api/processor/AbstractMessageProcessorOwnerCustomizer> (0x000000077fee31a0) thrown at [C:\cygwin64\tmp\openjdk-jdk8u-windows-x64-hotspot\workspace\build\src\hotspot\src\share\vm\classf
Event: 36.068 Thread 0x000001e978c1d000 Exception <a 'java/lang/ClassNotFoundException': org/mule/runtime/core/privileged/exception/AbstractExceptionListenerCustomizer> (0x000000077ff13270) thrown at [C:\cygwin64\tmp\openjdk-jdk8u-windows-x64-hotspot\workspace\build\src\hotspot\src\share\vm\cla
Event: 36.071 Thread 0x000001e978c1d000 Exception <a 'java/lang/ClassNotFoundException': org/mule/runtime/core/internal/exception/AbstractSystemExceptionStrategyCustomizer> (0x000000077ff52528) thrown at [C:\cygwin64\tmp\openjdk-jdk8u-windows-x64-hotspot\workspace\build\src\hotspot\src\share\vm
Event: 36.074 Thread 0x000001e978c1d000 Exception <a 'java/lang/ClassNotFoundException': org/mule/runtime/core/internal/exception/DefaultSystemExceptionStrategyCustomizer> (0x000000077ff87da8) thrown at [C:\cygwin64\tmp\openjdk-jdk8u-windows-x64-hotspot\workspace\build\src\hotspot\src\share\vm\
Event: 36.079 Thread 0x000001e978c1d000 Exception <a 'java/lang/ClassNotFoundException': org/mule/runtime/core/api/exception/SystemExceptionHandlerBeanInfo> (0x000000077ffe3600) thrown at [C:\cygwin64\tmp\openjdk-jdk8u-windows-x64-hotspot\workspace\build\src\hotspot\src\share\vm\classfile\syste
Event: 36.081 Thread 0x000001e978c1d000 Exception <a 'java/lang/ClassNotFoundException': org/mule/runtime/core/api/exception/SystemExceptionHandlerCustomizer> (0x000000078002a770) thrown at [C:\cygwin64\tmp\openjdk-jdk8u-windows-x64-hotspot\workspace\build\src\hotspot\src\share\vm\classfile\sys
Event: 36.088 Thread 0x000001e978c1d000 Exception <a 'java/lang/ClassNotFoundException': org/mule/runtime/api/scheduler/SchedulerConfigBeanInfo> (0x0000000780077a20) thrown at [C:\cygwin64\tmp\openjdk-jdk8u-windows-x64-hotspot\workspace\build\src\hotspot\src\share\vm\classfile\systemDictionary.
Event: 36.090 Thread 0x000001e978c1d000 Exception <a 'java/lang/ClassNotFoundException': org/mule/runtime/api/scheduler/SchedulerConfigCustomizer> (0x00000007800b5a20) thrown at [C:\cygwin64\tmp\openjdk-jdk8u-windows-x64-hotspot\workspace\build\src\hotspot\src\share\vm\classfile\systemDictionar
Event: 36.166 Thread 0x000001e978abf000 Implicit null exception at 0x000001e95c12d158 to 0x000001e95c12d2ed

Events (10 events):
Event: 36.338 loading class org/mule/runtime/api/component/location/ComponentLocation
Event: 36.338 loading class org/mule/runtime/api/component/location/ComponentLocation done
Event: 36.338 loading class org/mule/munit/runner/config/TestComponentLocator
Event: 36.338 loading class org/mule/munit/runner/config/TestComponentLocator done
Event: 36.339 loading class org/mule/runtime/config/api/LazyComponentInitializer$ComponentLocationFilter
Event: 36.339 loading class org/mule/runtime/config/api/LazyComponentInitializer$ComponentLocationFilter done
Event: 36.339 loading class org/mule/runtime/config/api/LazyComponentInitializer$ComponentLocationFilter
Event: 36.339 loading class org/mule/runtime/config/api/LazyComponentInitializer$ComponentLocationFilter done
Event: 36.339 loading class org/mule/runtime/config/internal/ComponentModelInitializer
Event: 36.339 loading class org/mule/runtime/config/internal/ComponentModelInitializer done


Dynamic libraries:
0x00007ff753c50000 - 0x00007ff753c8a000 	C:\AnypointStudio-7.6.0-win64\AnypointStudio\plugins\org.mule.tooling.jdk.win32.x86_64_1.0.0.202004281356\bin\javaw.exe
0x00007ff9f2070000 - 0x00007ff9f2266000 	C:\WINDOWS\SYSTEM32\ntdll.dll
0x00007ff9f05b0000 - 0x00007ff9f066d000 	C:\WINDOWS\System32\KERNEL32.DLL
0x00007ff9efc40000 - 0x00007ff9eff09000 	C:\WINDOWS\System32\KERNELBASE.dll
0x00007ff9f11e0000 - 0x00007ff9f128c000 	C:\WINDOWS\System32\ADVAPI32.dll
0x00007ff9f18b0000 - 0x00007ff9f194e000 	C:\WINDOWS\System32\msvcrt.dll
0x00007ff9f0fb0000 - 0x00007ff9f104c000 	C:\WINDOWS\System32\sechost.dll
0x00007ff9f1970000 - 0x00007ff9f1a9b000 	C:\WINDOWS\System32\RPCRT4.dll
0x00007ff9f1aa0000 - 0x00007ff9f1c40000 	C:\WINDOWS\System32\USER32.dll
0x00007ff9efac0000 - 0x00007ff9efae2000 	C:\WINDOWS\System32\win32u.dll
0x00007ff9f00d0000 - 0x00007ff9f00fa000 	C:\WINDOWS\System32\GDI32.dll
0x00007ff9ef9b0000 - 0x00007ff9efabb000 	C:\WINDOWS\System32\gdi32full.dll
0x00007ff9efb70000 - 0x00007ff9efc0d000 	C:\WINDOWS\System32\msvcp_win.dll
0x00007ff9ef800000 - 0x00007ff9ef900000 	C:\WINDOWS\System32\ucrtbase.dll
0x00007ff9e5dd0000 - 0x00007ff9e606b000 	C:\WINDOWS\WinSxS\amd64_microsoft.windows.common-controls_6595b64144ccf1df_6.0.19041.746_none_ca02b4b61b8320a4\COMCTL32.dll
0x00007ff9f1fa0000 - 0x00007ff9f1fd0000 	C:\WINDOWS\System32\IMM32.DLL
0x00007ff9d8010000 - 0x00007ff9d80ff000 	C:\AnypointStudio-7.6.0-win64\AnypointStudio\plugins\org.mule.tooling.jdk.win32.x86_64_1.0.0.202004281356\jre\bin\msvcr120.dll
0x00007ff9db3e0000 - 0x00007ff9db486000 	C:\AnypointStudio-7.6.0-win64\AnypointStudio\plugins\org.mule.tooling.jdk.win32.x86_64_1.0.0.202004281356\jre\bin\msvcp120.dll
0x000000006bcc0000 - 0x000000006c4bf000 	C:\AnypointStudio-7.6.0-win64\AnypointStudio\plugins\org.mule.tooling.jdk.win32.x86_64_1.0.0.202004281356\jre\bin\server\jvm.dll
0x00007ff9f1960000 - 0x00007ff9f1968000 	C:\WINDOWS\System32\PSAPI.DLL
0x00007ff9e3d30000 - 0x00007ff9e3d39000 	C:\WINDOWS\SYSTEM32\WSOCK32.dll
0x00007ff9f1eb0000 - 0x00007ff9f1f1b000 	C:\WINDOWS\System32\WS2_32.dll
0x00007ff9e69c0000 - 0x00007ff9e69e7000 	C:\WINDOWS\SYSTEM32\WINMM.dll
0x00007ff9e7300000 - 0x00007ff9e730a000 	C:\WINDOWS\SYSTEM32\VERSION.dll
0x00007ff9eb4a0000 - 0x00007ff9eb4af000 	C:\AnypointStudio-7.6.0-win64\AnypointStudio\plugins\org.mule.tooling.jdk.win32.x86_64_1.0.0.202004281356\jre\bin\verify.dll
0x00007ff9ea360000 - 0x00007ff9ea388000 	C:\AnypointStudio-7.6.0-win64\AnypointStudio\plugins\org.mule.tooling.jdk.win32.x86_64_1.0.0.202004281356\jre\bin\java.dll
0x00007ff9ea160000 - 0x00007ff9ea176000 	C:\AnypointStudio-7.6.0-win64\AnypointStudio\plugins\org.mule.tooling.jdk.win32.x86_64_1.0.0.202004281356\jre\bin\zip.dll
0x00007ff9f0670000 - 0x00007ff9f0db2000 	C:\WINDOWS\System32\SHELL32.dll
0x00007ff9ed610000 - 0x00007ff9edda0000 	C:\WINDOWS\SYSTEM32\windows.storage.dll
0x00007ff9f0250000 - 0x00007ff9f05a6000 	C:\WINDOWS\System32\combase.dll
0x00007ff9ef140000 - 0x00007ff9ef16c000 	C:\WINDOWS\SYSTEM32\Wldp.dll
0x00007ff9f0dd0000 - 0x00007ff9f0e7e000 	C:\WINDOWS\System32\SHCORE.dll
0x00007ff9f01f0000 - 0x00007ff9f0245000 	C:\WINDOWS\System32\shlwapi.dll
0x00007ff9ef6e0000 - 0x00007ff9ef706000 	C:\WINDOWS\SYSTEM32\profapi.dll
0x00007ff9ea550000 - 0x00007ff9ea55d000 	C:\AnypointStudio-7.6.0-win64\AnypointStudio\plugins\org.mule.tooling.jdk.win32.x86_64_1.0.0.202004281356\jre\bin\management.dll
0x00007ff9ea140000 - 0x00007ff9ea15a000 	C:\AnypointStudio-7.6.0-win64\AnypointStudio\plugins\org.mule.tooling.jdk.win32.x86_64_1.0.0.202004281356\jre\bin\net.dll
0x00007ff9eeec0000 - 0x00007ff9eef2a000 	C:\WINDOWS\system32\mswsock.dll
0x00007ff9dc890000 - 0x00007ff9dc8a7000 	C:\WINDOWS\system32\napinsp.dll
0x00007ff9dc870000 - 0x00007ff9dc88b000 	C:\WINDOWS\system32\pnrpnsp.dll
0x00007ff9eaa10000 - 0x00007ff9eaa25000 	C:\WINDOWS\system32\wshbth.dll
0x00007ff9e98b0000 - 0x00007ff9e98cd000 	C:\WINDOWS\system32\NLAapi.dll
0x00007ff9eebb0000 - 0x00007ff9eebeb000 	C:\WINDOWS\SYSTEM32\IPHLPAPI.DLL
0x00007ff9eebf0000 - 0x00007ff9eecbb000 	C:\WINDOWS\SYSTEM32\DNSAPI.dll
0x00007ff9f0dc0000 - 0x00007ff9f0dc8000 	C:\WINDOWS\System32\NSI.dll
0x00007ff9dc850000 - 0x00007ff9dc862000 	C:\WINDOWS\System32\winrnr.dll
0x00007ff9e6e90000 - 0x00007ff9e6e9a000 	C:\Windows\System32\rasadhlp.dll
0x00007ff9e6d70000 - 0x00007ff9e6def000 	C:\WINDOWS\System32\fwpuclnt.dll
0x00007ff9efc10000 - 0x00007ff9efc37000 	C:\WINDOWS\System32\bcrypt.dll
0x00007ff9ea0f0000 - 0x00007ff9ea102000 	C:\AnypointStudio-7.6.0-win64\AnypointStudio\plugins\org.mule.tooling.jdk.win32.x86_64_1.0.0.202004281356\jre\bin\nio.dll
0x00007ff9ef0a0000 - 0x00007ff9ef0b8000 	C:\WINDOWS\SYSTEM32\CRYPTSP.dll
0x00007ff9ee860000 - 0x00007ff9ee894000 	C:\WINDOWS\system32\rsaenh.dll
0x00007ff9ef6a0000 - 0x00007ff9ef6ce000 	C:\WINDOWS\SYSTEM32\USERENV.dll
0x00007ff9efaf0000 - 0x00007ff9efb70000 	C:\WINDOWS\System32\bcryptprimitives.dll
0x00007ff9ef090000 - 0x00007ff9ef09c000 	C:\WINDOWS\SYSTEM32\CRYPTBASE.dll
0x00007ff9e8ff0000 - 0x00007ff9e9007000 	C:\WINDOWS\SYSTEM32\dhcpcsvc6.DLL
0x00007ff9e8fd0000 - 0x00007ff9e8fed000 	C:\WINDOWS\SYSTEM32\dhcpcsvc.DLL

VM Arguments:
jvm_args: -Djava.library.path= -Dlog4j.skipJansi=true -Djava.io.tmpdir=C:\Users\user\AppData\Local\Temp\ -Dorg.glassfish.grizzly.DEFAULT_MEMORY_MANAGER=org.glassfish.grizzly.memory.HeapMemoryManager -Dmule.testingMode -Dmunit.server.port=49226 -Dlog4j.configurationFile=C:\Users\user\AppData\Local\Temp\munit-temp-dir\munittarget2645315331117556189\test-classes\log4j2-test.xml -Dfile.encoding=UTF-8 
java_command: org.mule.munit.remote.RemoteRunner -run_configuration C:\Users\user\AppData\Local\Temp\munit-temp-dir\munitworkingdir3568882667363962637\run-configuration.json
java_class_path (initial): C:\AnypointStudio-7.6.0-win64\AnypointStudio\plugins\org.mule.tooling.ui.contribution.munit_2.6.0.202006301835\lib\munit-remote-jar-with-dependencies.jar;C:\Users\user\AppData\Local\Temp\munit-temp-dir\munittarget2645315331117556189\test-classes\log4j2-test.xml
Launcher Type: SUN_STANDARD

Environment Variables:
JAVA_HOME=C:\Program Files\Java\jre1.8.0_201
CLASSPATH=C:\Program Files\Java\jdk1.8.0_201\lib
PATH=E:\app\user\product\11.2.0\dbhome_2\bin;C:\Program Files (x86)\Common Files\Oracle\Java\javapath;C:\WINDOWS\system32;C:\WINDOWS;C:\WINDOWS\System32\Wbem;C:\WINDOWS\System32\WindowsPowerShell\v1.0\;C:\WINDOWS\System32\OpenSSH\;C:\zookeeper-3.6.1\bin;%JAVA_HOME%\bin;C:\Program Files\Git\cmd;C:\Program Files\MySQL\MySQL Shell 8.0\bin\;C:\Program Files\Java\jdk1.8.0_201\bin
USERNAME=user
OS=Windows_NT
PROCESSOR_IDENTIFIER=Intel64 Family 6 Model 61 Stepping 4, GenuineIntel



---------------  S Y S T E M  ---------------

OS: Windows 10.0 , 64 bit Build 19041 (10.0.19041.804)

CPU:total 4 (initial active 4) (2 cores per cpu, 2 threads per core) family 6 model 61 stepping 4, cmov, cx8, fxsr, mmx, sse, sse2, sse3, ssse3, sse4.1, sse4.2, popcnt, avx, avx2, aes, clmul, erms, rtm, 3dnowpref, lzcnt, ht, tsc, tscinvbit, bmi1, bmi2, adx

Memory: 4k page, physical 16649324k(4025872k free), swap 30579592k(6656k free)

vm_info: OpenJDK 64-Bit Server VM (25.232-b09) for windows-amd64 JRE (1.8.0_232-b09), built on Oct 18 2019 15:06:13 by "jenkins" with MS VC++ 12.0 (VS2013)

time: Mon Mar 15 14:51:41 2021
timezone: India Standard Time
elapsed time: 36 seconds (0d 0h 0m 36s)

