#
# There is insufficient memory for the Java Runtime Environment to continue.
# Native memory allocation (malloc) failed to allocate 1341936 bytes for Chunk::new
# Possible reasons:
#   The system is out of physical RAM or swap space
#   The process is running with CompressedOops enabled, and the Java Heap may be blocking the growth of the native heap
# Possible solutions:
#   Reduce memory load on the system
#   Increase physical memory or swap space
#   Check if swap backing store is full
#   Decrease Java heap size (-Xmx/-Xms)
#   Decrease number of Java threads
#   Decrease Java thread stack sizes (-Xss)
#   Set larger code cache with -XX:ReservedCodeCacheSize=
#   JVM is running with Zero Based Compressed Oops mode in which the Java heap is
#     placed in the first 32GB address space. The Java Heap base address is the
#     maximum limit for the native heap growth. Please use -XX:HeapBaseMinAddress
#     to set the Java Heap base and to place the Java Heap above 32GB virtual address.
# This output file may be truncated or incomplete.
#
#  Out of Memory Error (allocation.cpp:389), pid=38388, tid=0x00000000000070e4
#
# JRE version: OpenJDK Runtime Environment (8.0_232-b09) (build 1.8.0_232-b09)
# Java VM: OpenJDK 64-Bit Server VM (25.232-b09 mixed mode windows-amd64 compressed oops)
# Failed to write core dump. Minidumps are not enabled by default on client versions of Windows
#

---------------  T H R E A D  ---------------

Current thread (0x0000024b295e2000):  JavaThread "C2 CompilerThread1" daemon [_thread_in_native, id=28900, stack(0x0000008cf0c00000,0x0000008cf0d00000)]

Stack: [0x0000008cf0c00000,0x0000008cf0d00000]
[error occurred during error reporting (printing stack bounds), id 0xc0000005]

Native frames: (J=compiled Java code, j=interpreted, Vv=VM code, C=native code)


Current CompileTask:
C2:  57666 7774   !   4       com.sun.org.apache.xerces.internal.impl.xs.traversers.XSAttributeChecker::checkAttributes (1100 bytes)


---------------  P R O C E S S  ---------------

Java Threads: ( => current thread )
  0x0000024b2e6f5000 JavaThread "ForkJoinPool.commonPool-worker-3" daemon [_thread_blocked, id=2300, stack(0x0000008cf1f00000,0x0000008cf2000000)]
  0x0000024b2e6f4000 JavaThread "ForkJoinPool.commonPool-worker-2" daemon [_thread_blocked, id=9308, stack(0x0000008cf1e00000,0x0000008cf1f00000)]
  0x0000024b2e6f9800 JavaThread "Log4j2-TF-4-AsyncLoggerConfig-4" daemon [_thread_blocked, id=21168, stack(0x0000008cf1d00000,0x0000008cf1e00000)]
  0x0000024b2c5e4800 JavaThread "pool-3-thread-1" [_thread_in_native, id=52036, stack(0x0000008cf1c00000,0x0000008cf1d00000)]
  0x0000024b2c5e4000 JavaThread "Mule.app.deployer.monitor.1.thread.1" [_thread_blocked, id=24184, stack(0x0000008cf1b00000,0x0000008cf1c00000)]
  0x0000024b2aa99800 JavaThread "Log4j2-TF-3-AsyncLoggerConfig-3" daemon [_thread_blocked, id=47896, stack(0x0000008cf1a00000,0x0000008cf1b00000)]
  0x0000024b2bd6b800 JavaThread "[LicenseManager]" [_thread_in_Java, id=42740, stack(0x0000008cf1900000,0x0000008cf1a00000)]
  0x0000024b2ac2c800 JavaThread "Log4j2-TF-2-AsyncLoggerConfig-2" daemon [_thread_blocked, id=44496, stack(0x0000008cf1800000,0x0000008cf1900000)]
  0x0000024b2a551000 JavaThread "ForkJoinPool.commonPool-worker-1" daemon [_thread_blocked, id=9556, stack(0x0000008cf1700000,0x0000008cf1800000)]
  0x0000024b2bd29000 JavaThread "logger.context.reaper" [_thread_blocked, id=5564, stack(0x0000008cf1600000,0x0000008cf1700000)]
  0x0000024b2a796800 JavaThread "Log4j2-TF-1-AsyncLoggerConfig-1" daemon [_thread_blocked, id=54472, stack(0x0000008cf1300000,0x0000008cf1400000)]
  0x0000024b2e26d000 JavaThread "Embedded" [_thread_in_vm_trans, id=20004, stack(0x0000008cf1200000,0x0000008cf1300000)]
  0x0000024b2a22c800 JavaThread "Log4j2-TF-3-AsyncLoggerConfig--2" daemon [_thread_blocked, id=5208, stack(0x0000008cf1100000,0x0000008cf1200000)]
  0x0000024b2a4a6800 JavaThread "Log4j2-TF-1-AsyncLoggerConfig--1" daemon [_thread_blocked, id=15888, stack(0x0000008cf1000000,0x0000008cf1100000)]
  0x0000024b295ec000 JavaThread "Service Thread" daemon [_thread_blocked, id=11352, stack(0x0000008cf0e00000,0x0000008cf0f00000)]
  0x0000024b295e5800 JavaThread "C1 CompilerThread2" daemon [_thread_blocked, id=31772, stack(0x0000008cf0d00000,0x0000008cf0e00000)]
=>0x0000024b295e2000 JavaThread "C2 CompilerThread1" daemon [_thread_in_native, id=28900, stack(0x0000008cf0c00000,0x0000008cf0d00000)]
  0x0000024b2958c800 JavaThread "C2 CompilerThread0" daemon [_thread_in_native, id=26628, stack(0x0000008cf0b00000,0x0000008cf0c00000)]
  0x0000024b2958a000 JavaThread "Attach Listener" daemon [_thread_blocked, id=36164, stack(0x0000008cf0a00000,0x0000008cf0b00000)]
  0x0000024b29587800 JavaThread "Signal Dispatcher" daemon [_thread_blocked, id=54916, stack(0x0000008cf0900000,0x0000008cf0a00000)]
  0x0000024b28e26000 JavaThread "Finalizer" daemon [_thread_blocked, id=18468, stack(0x0000008cf0800000,0x0000008cf0900000)]
  0x0000024b29566000 JavaThread "Reference Handler" daemon [_thread_blocked, id=48516, stack(0x0000008cf0700000,0x0000008cf0800000)]
  0x0000024b0e424800 JavaThread "main" [_thread_blocked, id=30116, stack(0x0000008cf0100000,0x0000008cf0200000)]

Other Threads:
  0x0000024b29542800 VMThread [stack: 0x0000008cf0600000,0x0000008cf0700000] [id=29484]
  0x0000024b295ed800 WatcherThread [stack: 0x0000008cf0f00000,0x0000008cf1000000] [id=33524]

VM state:not at safepoint (normal execution)

VM Mutex/Monitor currently owned by a thread: None

heap address: 0x00000006c1e00000, size: 4066 MB, Compressed Oops mode: Zero based, Oop shift amount: 3
Narrow klass base: 0x0000000000000000, Narrow klass shift: 3
Compressed class space size: 1073741824 Address: 0x00000007c0000000

Heap:
 PSYoungGen      total 463872K, used 60089K [0x000000076b500000, 0x0000000789b00000, 0x00000007c0000000)
  eden space 437760K, 13% used [0x000000076b500000,0x000000076efae690,0x0000000786080000)
  from space 26112K, 0% used [0x0000000787a00000,0x0000000787a00000,0x0000000789380000)
  to   space 26112K, 0% used [0x0000000786080000,0x0000000786080000,0x0000000787a00000)
 ParOldGen       total 159744K, used 25916K [0x00000006c1e00000, 0x00000006cba00000, 0x000000076b500000)
  object space 159744K, 16% used [0x00000006c1e00000,0x00000006c374f350,0x00000006cba00000)
 Metaspace       used 56682K, capacity 61576K, committed 61912K, reserved 1103872K
  class space    used 7424K, capacity 8322K, committed 8448K, reserved 1048576K

Card table byte_map: [0x0000024b1f080000,0x0000024b1f880000] byte_map_base: 0x0000024b1ba71000

Marking Bits: (ParMarkBitMap*) 0x000000006c445f70
 Begin Bits: [0x0000024b1fdd0000, 0x0000024b23d58000)
 End Bits:   [0x0000024b23d58000, 0x0000024b27ce0000)

Polling page: 0x0000024b0fc90000

CodeCache: size=245760Kb used=24569Kb max_used=24627Kb free=221190Kb
 bounds [0x0000024b0fcc0000, 0x0000024b11500000, 0x0000024b1ecc0000]
 total_blobs=7314 nmethods=6749 adapters=478
 compilation: enabled

Compilation events (10 events):
Event: 57.583 Thread 0x0000024b295e5800 7868       3       com.sun.xml.bind.v2.model.nav.ParameterizedTypeImpl::<init> (39 bytes)
Event: 57.584 Thread 0x0000024b295e5800 nmethod 7868 0x0000024b0fed2a90 code [0x0000024b0fed2c80, 0x0000024b0fed3620]
Event: 57.586 Thread 0x0000024b295e5800 7870       3       com.sun.xml.bind.v2.model.impl.RuntimeClassInfoImpl$RuntimePropertySeed::<init> (15 bytes)
Event: 57.587 Thread 0x0000024b295e5800 nmethod 7870 0x0000024b0ff6d1d0 code [0x0000024b0ff6d320, 0x0000024b0ff6d518]
Event: 57.587 Thread 0x0000024b295e5800 7871   !   3       com.sun.xml.bind.v2.model.impl.ClassInfoImpl::addProperty (1382 bytes)
Event: 57.610 Thread 0x0000024b295e5800 nmethod 7871 0x0000024b114dc4d0 code [0x0000024b114dd5c0, 0x0000024b114ec9c0]
Event: 57.610 Thread 0x0000024b295e5800 7872       3       com.sun.xml.bind.v2.model.impl.RuntimeClassInfoImpl::checkFieldXmlLocation (9 bytes)
Event: 57.611 Thread 0x0000024b295e5800 nmethod 7872 0x0000024b100acdd0 code [0x0000024b100acf80, 0x0000024b100ad580]
Event: 57.612 Thread 0x0000024b295e5800 7873       3       com.sun.xml.bind.v2.model.impl.RuntimeClassInfoImpl::checkFieldXmlLocation (28 bytes)
Event: 57.613 Thread 0x0000024b295e5800 nmethod 7873 0x0000024b1017c090 code [0x0000024b1017c220, 0x0000024b1017c6c0]

GC Heap History (10 events):
Event: 41.234 GC heap before
{Heap before GC invocations=13 (full 1):
 PSYoungGen      total 224768K, used 96742K [0x000000076b500000, 0x0000000780a80000, 0x00000007c0000000)
  eden space 205824K, 37% used [0x000000076b500000,0x00000007700fa9f0,0x0000000777e00000)
  from space 18944K, 99% used [0x0000000777e00000,0x000000077907f078,0x0000000779080000)
  to   space 21504K, 0% used [0x000000077f580000,0x000000077f580000,0x0000000780a80000)
 ParOldGen       total 95232K, used 11681K [0x00000006c1e00000, 0x00000006c7b00000, 0x000000076b500000)
  object space 95232K, 12% used [0x00000006c1e00000,0x00000006c2968748,0x00000006c7b00000)
 Metaspace       used 34260K, capacity 35234K, committed 35416K, reserved 1081344K
  class space    used 4164K, capacity 4376K, committed 4480K, reserved 1048576K
Event: 41.243 GC heap after
Heap after GC invocations=13 (full 1):
 PSYoungGen      total 327680K, used 1800K [0x000000076b500000, 0x0000000780e80000, 0x00000007c0000000)
  eden space 306176K, 0% used [0x000000076b500000,0x000000076b500000,0x000000077e000000)
  from space 21504K, 8% used [0x000000077f580000,0x000000077f742270,0x0000000780a80000)
  to   space 22016K, 0% used [0x000000077e000000,0x000000077e000000,0x000000077f580000)
 ParOldGen       total 95232K, used 17218K [0x00000006c1e00000, 0x00000006c7b00000, 0x000000076b500000)
  object space 95232K, 18% used [0x00000006c1e00000,0x00000006c2ed0940,0x00000006c7b00000)
 Metaspace       used 34260K, capacity 35234K, committed 35416K, reserved 1081344K
  class space    used 4164K, capacity 4376K, committed 4480K, reserved 1048576K
}
Event: 41.243 GC heap before
{Heap before GC invocations=14 (full 2):
 PSYoungGen      total 327680K, used 1800K [0x000000076b500000, 0x0000000780e80000, 0x00000007c0000000)
  eden space 306176K, 0% used [0x000000076b500000,0x000000076b500000,0x000000077e000000)
  from space 21504K, 8% used [0x000000077f580000,0x000000077f742270,0x0000000780a80000)
  to   space 22016K, 0% used [0x000000077e000000,0x000000077e000000,0x000000077f580000)
 ParOldGen       total 95232K, used 17218K [0x00000006c1e00000, 0x00000006c7b00000, 0x000000076b500000)
  object space 95232K, 18% used [0x00000006c1e00000,0x00000006c2ed0940,0x00000006c7b00000)
 Metaspace       used 34260K, capacity 35234K, committed 35416K, reserved 1081344K
  class space    used 4164K, capacity 4376K, committed 4480K, reserved 1048576K
Event: 41.309 GC heap after
Heap after GC invocations=14 (full 2):
 PSYoungGen      total 327680K, used 0K [0x000000076b500000, 0x0000000780e80000, 0x00000007c0000000)
  eden space 306176K, 0% used [0x000000076b500000,0x000000076b500000,0x000000077e000000)
  from space 21504K, 0% used [0x000000077f580000,0x000000077f580000,0x0000000780a80000)
  to   space 22016K, 0% used [0x000000077e000000,0x000000077e000000,0x000000077f580000)
 ParOldGen       total 120320K, used 16014K [0x00000006c1e00000, 0x00000006c9380000, 0x000000076b500000)
  object space 120320K, 13% used [0x00000006c1e00000,0x00000006c2da3b50,0x00000006c9380000)
 Metaspace       used 34260K, capacity 35234K, committed 35416K, reserved 1081344K
  class space    used 4164K, capacity 4376K, committed 4480K, reserved 1048576K
}
Event: 53.866 GC heap before
{Heap before GC invocations=15 (full 2):
 PSYoungGen      total 327680K, used 306176K [0x000000076b500000, 0x0000000780e80000, 0x00000007c0000000)
  eden space 306176K, 100% used [0x000000076b500000,0x000000077e000000,0x000000077e000000)
  from space 21504K, 0% used [0x000000077f580000,0x000000077f580000,0x0000000780a80000)
  to   space 22016K, 0% used [0x000000077e000000,0x000000077e000000,0x000000077f580000)
 ParOldGen       total 120320K, used 16014K [0x00000006c1e00000, 0x00000006c9380000, 0x000000076b500000)
  object space 120320K, 13% used [0x00000006c1e00000,0x00000006c2da3b50,0x00000006c9380000)
 Metaspace       used 52140K, capacity 56540K, committed 56664K, reserved 1097728K
  class space    used 6893K, capacity 7706K, committed 7808K, reserved 1048576K
Event: 53.910 GC heap after
Heap after GC invocations=15 (full 2):
 PSYoungGen      total 328192K, used 21992K [0x000000076b500000, 0x0000000789380000, 0x00000007c0000000)
  eden space 306176K, 0% used [0x000000076b500000,0x000000076b500000,0x000000077e000000)
  from space 22016K, 99% used [0x000000077e000000,0x000000077f57a248,0x000000077f580000)
  to   space 26112K, 0% used [0x0000000787a00000,0x0000000787a00000,0x0000000789380000)
 ParOldGen       total 120320K, used 18465K [0x00000006c1e00000, 0x00000006c9380000, 0x000000076b500000)
  object space 120320K, 15% used [0x00000006c1e00000,0x00000006c3008770,0x00000006c9380000)
 Metaspace       used 52140K, capacity 56540K, committed 56664K, reserved 1097728K
  class space    used 6893K, capacity 7706K, committed 7808K, reserved 1048576K
}
Event: 54.975 GC heap before
{Heap before GC invocations=16 (full 2):
 PSYoungGen      total 328192K, used 54568K [0x000000076b500000, 0x0000000789380000, 0x00000007c0000000)
  eden space 306176K, 10% used [0x000000076b500000,0x000000076d4d0128,0x000000077e000000)
  from space 22016K, 99% used [0x000000077e000000,0x000000077f57a248,0x000000077f580000)
  to   space 26112K, 0% used [0x0000000787a00000,0x0000000787a00000,0x0000000789380000)
 ParOldGen       total 120320K, used 18465K [0x00000006c1e00000, 0x00000006c9380000, 0x000000076b500000)
  object space 120320K, 15% used [0x00000006c1e00000,0x00000006c3008770,0x00000006c9380000)
 Metaspace       used 54322K, capacity 58854K, committed 58968K, reserved 1099776K
  class space    used 7148K, capacity 7995K, committed 8064K, reserved 1048576K
Event: 54.993 GC heap after
Heap after GC invocations=16 (full 2):
 PSYoungGen      total 463872K, used 2455K [0x000000076b500000, 0x0000000789b00000, 0x00000007c0000000)
  eden space 437760K, 0% used [0x000000076b500000,0x000000076b500000,0x0000000786080000)
  from space 26112K, 9% used [0x0000000787a00000,0x0000000787c65fe0,0x0000000789380000)
  to   space 26112K, 0% used [0x0000000786080000,0x0000000786080000,0x0000000787a00000)
 ParOldGen       total 120320K, used 27769K [0x00000006c1e00000, 0x00000006c9380000, 0x000000076b500000)
  object space 120320K, 23% used [0x00000006c1e00000,0x00000006c391e728,0x00000006c9380000)
 Metaspace       used 54322K, capacity 58854K, committed 58968K, reserved 1099776K
  class space    used 7148K, capacity 7995K, committed 8064K, reserved 1048576K
}
Event: 54.993 GC heap before
{Heap before GC invocations=17 (full 3):
 PSYoungGen      total 463872K, used 2455K [0x000000076b500000, 0x0000000789b00000, 0x00000007c0000000)
  eden space 437760K, 0% used [0x000000076b500000,0x000000076b500000,0x0000000786080000)
  from space 26112K, 9% used [0x0000000787a00000,0x0000000787c65fe0,0x0000000789380000)
  to   space 26112K, 0% used [0x0000000786080000,0x0000000786080000,0x0000000787a00000)
 ParOldGen       total 120320K, used 27769K [0x00000006c1e00000, 0x00000006c9380000, 0x000000076b500000)
  object space 120320K, 23% used [0x00000006c1e00000,0x00000006c391e728,0x00000006c9380000)
 Metaspace       used 54322K, capacity 58854K, committed 58968K, reserved 1099776K
  class space    used 7148K, capacity 7995K, committed 8064K, reserved 1048576K
Event: 55.306 GC heap after
Heap after GC invocations=17 (full 3):
 PSYoungGen      total 463872K, used 0K [0x000000076b500000, 0x0000000789b00000, 0x00000007c0000000)
  eden space 437760K, 0% used [0x000000076b500000,0x000000076b500000,0x0000000786080000)
  from space 26112K, 0% used [0x0000000787a00000,0x0000000787a00000,0x0000000789380000)
  to   space 26112K, 0% used [0x0000000786080000,0x0000000786080000,0x0000000787a00000)
 ParOldGen       total 159744K, used 25916K [0x00000006c1e00000, 0x00000006cba00000, 0x000000076b500000)
  object space 159744K, 16% used [0x00000006c1e00000,0x00000006c374f350,0x00000006cba00000)
 Metaspace       used 54322K, capacity 58854K, committed 58968K, reserved 1099776K
  class space    used 7148K, capacity 7995K, committed 8064K, reserved 1048576K
}

Deoptimization events (10 events):
Event: 56.688 Thread 0x0000024b2e26d000 Uncommon trap: reason=unstable_if action=reinterpret pc=0x0000024b1124a758 method=com.sun.org.apache.xerces.internal.utils.XMLLimitAnalyzer.addValue(ILjava/lang/String;I)V @ 78
Event: 56.688 Thread 0x0000024b2e26d000 Uncommon trap: reason=unstable_if action=reinterpret pc=0x0000024b112550ac method=com.sun.org.apache.xerces.internal.impl.xs.opti.SchemaDOM.characters(Lcom/sun/org/apache/xerces/internal/xni/XMLString;)V @ 59
Event: 57.116 Thread 0x0000024b2e26d000 Uncommon trap: reason=class_check action=maybe_recompile pc=0x0000024b113e959c method=com.sun.org.apache.xerces.internal.impl.XMLDocumentFragmentScannerImpl$FragmentContentDriver.next()I @ 2223
Event: 57.124 Thread 0x0000024b2e26d000 Uncommon trap: reason=class_check action=maybe_recompile pc=0x0000024b113e95ac method=com.sun.org.apache.xerces.internal.impl.XMLDocumentFragmentScannerImpl$FragmentContentDriver.next()I @ 439
Event: 57.125 Thread 0x0000024b2e26d000 Uncommon trap: reason=class_check action=maybe_recompile pc=0x0000024b113e95ac method=com.sun.org.apache.xerces.internal.impl.XMLDocumentFragmentScannerImpl$FragmentContentDriver.next()I @ 439
Event: 57.126 Thread 0x0000024b2e26d000 Uncommon trap: reason=class_check action=maybe_recompile pc=0x0000024b113e95ac method=com.sun.org.apache.xerces.internal.impl.XMLDocumentFragmentScannerImpl$FragmentContentDriver.next()I @ 439
Event: 57.227 Thread 0x0000024b2e26d000 Uncommon trap: reason=unstable_if action=reinterpret pc=0x0000024b11245024 method=com.sun.org.apache.xerces.internal.impl.XMLEntityScanner.scanLiteral(ILcom/sun/org/apache/xerces/internal/xni/XMLString;Z)I @ 134
Event: 57.227 Thread 0x0000024b2e26d000 Uncommon trap: reason=unstable_if action=reinterpret pc=0x0000024b11255eb8 method=com.sun.org.apache.xerces.internal.impl.XMLEntityScanner.scanChar(Lcom/sun/org/apache/xerces/internal/impl/XMLScanner$NameType;)I @ 59
Event: 57.474 Thread 0x0000024b2e26d000 Uncommon trap: reason=unstable_if action=reinterpret pc=0x0000024b10ce4cd0 method=com.sun.org.apache.xerces.internal.impl.XMLDocumentFragmentScannerImpl$ElementStack.nextElement()Lcom/sun/org/apache/xerces/internal/xni/QName; @ 46
Event: 57.475 Thread 0x0000024b2e26d000 Uncommon trap: reason=unstable_if action=reinterpret pc=0x0000024b1127843c method=com.sun.org.apache.xerces.internal.xni.XMLString.toString()Ljava/lang/String; @ 4

Classes redefined (0 events):
No events

Internal exceptions (10 events):
Event: 53.550 Thread 0x0000024b2e26d000 Exception <a 'java/lang/ClassNotFoundException': org/mule/modules/cors/api/configuration/origin/OriginBeanInfo> (0x000000077d5ae838) thrown at [C:\cygwin64\tmp\openjdk-jdk8u-windows-x64-hotspot\workspace\build\src\hotspot\src\share\vm\classfile\systemDict
Event: 53.550 Thread 0x0000024b2e26d000 Exception <a 'java/lang/ClassNotFoundException': org/mule/modules/cors/api/configuration/origin/OriginCustomizer> (0x000000077d5ba048) thrown at [C:\cygwin64\tmp\openjdk-jdk8u-windows-x64-hotspot\workspace\build\src\hotspot\src\share\vm\classfile\systemDi
Event: 53.563 Thread 0x0000024b2e26d000 Exception <a 'java/lang/ClassNotFoundException': java/security/cert/CertificateBeanInfo> (0x000000077d603e38) thrown at [C:\cygwin64\tmp\openjdk-jdk8u-windows-x64-hotspot\workspace\build\src\hotspot\src\share\vm\classfile\systemDictionary.cpp, line 210]
Event: 53.565 Thread 0x0000024b2e26d000 Exception <a 'java/lang/ClassNotFoundException': java/security/cert/CertificateCustomizer> (0x000000077d61de20) thrown at [C:\cygwin64\tmp\openjdk-jdk8u-windows-x64-hotspot\workspace\build\src\hotspot\src\share\vm\classfile\systemDictionary.cpp, line 210]
Event: 53.568 Thread 0x0000024b2e26d000 Exception <a 'java/lang/ClassNotFoundException': java/security/cert/CertificateBeanInfo> (0x000000077d64b7f0) thrown at [C:\cygwin64\tmp\openjdk-jdk8u-windows-x64-hotspot\workspace\build\src\hotspot\src\share\vm\classfile\systemDictionary.cpp, line 210]
Event: 53.569 Thread 0x0000024b2e26d000 Exception <a 'java/lang/ClassNotFoundException': java/security/cert/CertificateCustomizer> (0x000000077d6657d8) thrown at [C:\cygwin64\tmp\openjdk-jdk8u-windows-x64-hotspot\workspace\build\src\hotspot\src\share\vm\classfile\systemDictionary.cpp, line 210]
Event: 56.144 Thread 0x0000024b2e26d000 Exception <a 'java/lang/ClassNotFoundException': com/sun/org/glassfish/hk2/osgiresourcelocator/ServiceLoader> (0x000000076cf102b8) thrown at [C:\cygwin64\tmp\openjdk-jdk8u-windows-x64-hotspot\workspace\build\src\hotspot\src\share\vm\classfile\systemDictio
Event: 56.385 Thread 0x0000024b2e26d000 Implicit null exception at 0x0000024b10327094 to 0x0000024b103272e9
Event: 56.760 Thread 0x0000024b2e26d000 Exception <a 'java/lang/ClassNotFoundException': com/sun/org/glassfish/hk2/osgiresourcelocator/ServiceLoader> (0x000000076dd6c4a8) thrown at [C:\cygwin64\tmp\openjdk-jdk8u-windows-x64-hotspot\workspace\build\src\hotspot\src\share\vm\classfile\systemDictio
Event: 57.540 Thread 0x0000024b2e26d000 Exception <a 'java/lang/ClassNotFoundException': com/sun/org/glassfish/hk2/osgiresourcelocator/ServiceLoader> (0x000000076eb8f010) thrown at [C:\cygwin64\tmp\openjdk-jdk8u-windows-x64-hotspot\workspace\build\src\hotspot\src\share\vm\classfile\systemDictio

Events (10 events):
Event: 57.610 Thread 0x0000024b295e5800 flushing nmethod 0x0000024b103da850
Event: 57.610 Thread 0x0000024b295e5800 flushing nmethod 0x0000024b103e8d50
Event: 57.611 Thread 0x0000024b295e5800 flushing nmethod 0x0000024b1044a7d0
Event: 57.611 Thread 0x0000024b295e5800 flushing nmethod 0x0000024b1045f410
Event: 57.612 Thread 0x0000024b295e5800 flushing nmethod 0x0000024b10500750
Event: 57.613 Thread 0x0000024b295e5800 flushing nmethod 0x0000024b10622d10
Event: 57.613 Thread 0x0000024b295e5800 flushing nmethod 0x0000024b10624090
Event: 57.613 Thread 0x0000024b295e5800 flushing nmethod 0x0000024b106ac050
Event: 57.613 Thread 0x0000024b295e5800 flushing nmethod 0x0000024b106c9690
Event: 57.614 Thread 0x0000024b295e5800 flushing nmethod 0x0000024b1076b610


Dynamic libraries:
0x00007ff753c50000 - 0x00007ff753c8a000 	C:\AnypointStudio-7.6.0-win64\AnypointStudio\plugins\org.mule.tooling.jdk.win32.x86_64_1.0.0.202004281356\bin\javaw.exe
0x00007ff9f2070000 - 0x00007ff9f2266000 	C:\WINDOWS\SYSTEM32\ntdll.dll
0x00007ff9f05b0000 - 0x00007ff9f066d000 	C:\WINDOWS\System32\KERNEL32.DLL
0x00007ff9efc40000 - 0x00007ff9eff09000 	C:\WINDOWS\System32\KERNELBASE.dll
0x00007ff9f11e0000 - 0x00007ff9f128c000 	C:\WINDOWS\System32\ADVAPI32.dll
0x00007ff9f18b0000 - 0x00007ff9f194e000 	C:\WINDOWS\System32\msvcrt.dll
0x00007ff9f0fb0000 - 0x00007ff9f104c000 	C:\WINDOWS\System32\sechost.dll
0x00007ff9f1970000 - 0x00007ff9f1a9b000 	C:\WINDOWS\System32\RPCRT4.dll
0x00007ff9f1aa0000 - 0x00007ff9f1c40000 	C:\WINDOWS\System32\USER32.dll
0x00007ff9efac0000 - 0x00007ff9efae2000 	C:\WINDOWS\System32\win32u.dll
0x00007ff9f00d0000 - 0x00007ff9f00fa000 	C:\WINDOWS\System32\GDI32.dll
0x00007ff9ef9b0000 - 0x00007ff9efabb000 	C:\WINDOWS\System32\gdi32full.dll
0x00007ff9efb70000 - 0x00007ff9efc0d000 	C:\WINDOWS\System32\msvcp_win.dll
0x00007ff9ef800000 - 0x00007ff9ef900000 	C:\WINDOWS\System32\ucrtbase.dll
0x00007ff9e5dd0000 - 0x00007ff9e606b000 	C:\WINDOWS\WinSxS\amd64_microsoft.windows.common-controls_6595b64144ccf1df_6.0.19041.746_none_ca02b4b61b8320a4\COMCTL32.dll
0x00007ff9f1fa0000 - 0x00007ff9f1fd0000 	C:\WINDOWS\System32\IMM32.DLL
0x00007ff9d8010000 - 0x00007ff9d80ff000 	C:\AnypointStudio-7.6.0-win64\AnypointStudio\plugins\org.mule.tooling.jdk.win32.x86_64_1.0.0.202004281356\jre\bin\msvcr120.dll
0x00007ff9db3e0000 - 0x00007ff9db486000 	C:\AnypointStudio-7.6.0-win64\AnypointStudio\plugins\org.mule.tooling.jdk.win32.x86_64_1.0.0.202004281356\jre\bin\msvcp120.dll
0x000000006bcc0000 - 0x000000006c4bf000 	C:\AnypointStudio-7.6.0-win64\AnypointStudio\plugins\org.mule.tooling.jdk.win32.x86_64_1.0.0.202004281356\jre\bin\server\jvm.dll
0x00007ff9f1960000 - 0x00007ff9f1968000 	C:\WINDOWS\System32\PSAPI.DLL
0x00007ff9e3d30000 - 0x00007ff9e3d39000 	C:\WINDOWS\SYSTEM32\WSOCK32.dll
0x00007ff9f1eb0000 - 0x00007ff9f1f1b000 	C:\WINDOWS\System32\WS2_32.dll
0x00007ff9e69c0000 - 0x00007ff9e69e7000 	C:\WINDOWS\SYSTEM32\WINMM.dll
0x00007ff9e7300000 - 0x00007ff9e730a000 	C:\WINDOWS\SYSTEM32\VERSION.dll
0x00007ff9eb4a0000 - 0x00007ff9eb4af000 	C:\AnypointStudio-7.6.0-win64\AnypointStudio\plugins\org.mule.tooling.jdk.win32.x86_64_1.0.0.202004281356\jre\bin\verify.dll
0x00007ff9ea360000 - 0x00007ff9ea388000 	C:\AnypointStudio-7.6.0-win64\AnypointStudio\plugins\org.mule.tooling.jdk.win32.x86_64_1.0.0.202004281356\jre\bin\java.dll
0x00007ff9ea500000 - 0x00007ff9ea516000 	C:\AnypointStudio-7.6.0-win64\AnypointStudio\plugins\org.mule.tooling.jdk.win32.x86_64_1.0.0.202004281356\jre\bin\zip.dll
0x00007ff9f0670000 - 0x00007ff9f0db2000 	C:\WINDOWS\System32\SHELL32.dll
0x00007ff9ed610000 - 0x00007ff9edda0000 	C:\WINDOWS\SYSTEM32\windows.storage.dll
0x00007ff9f0250000 - 0x00007ff9f05a6000 	C:\WINDOWS\System32\combase.dll
0x00007ff9ef140000 - 0x00007ff9ef16c000 	C:\WINDOWS\SYSTEM32\Wldp.dll
0x00007ff9f0dd0000 - 0x00007ff9f0e7e000 	C:\WINDOWS\System32\SHCORE.dll
0x00007ff9f01f0000 - 0x00007ff9f0245000 	C:\WINDOWS\System32\shlwapi.dll
0x00007ff9ef6e0000 - 0x00007ff9ef706000 	C:\WINDOWS\SYSTEM32\profapi.dll
0x00007ff9ea550000 - 0x00007ff9ea55d000 	C:\AnypointStudio-7.6.0-win64\AnypointStudio\plugins\org.mule.tooling.jdk.win32.x86_64_1.0.0.202004281356\jre\bin\management.dll
0x00007ff9ea0f0000 - 0x00007ff9ea10a000 	C:\AnypointStudio-7.6.0-win64\AnypointStudio\plugins\org.mule.tooling.jdk.win32.x86_64_1.0.0.202004281356\jre\bin\net.dll
0x00007ff9eeec0000 - 0x00007ff9eef2a000 	C:\WINDOWS\system32\mswsock.dll
0x00007ff9dc890000 - 0x00007ff9dc8a7000 	C:\WINDOWS\system32\napinsp.dll
0x00007ff9dc870000 - 0x00007ff9dc88b000 	C:\WINDOWS\system32\pnrpnsp.dll
0x00007ff9eaa10000 - 0x00007ff9eaa25000 	C:\WINDOWS\system32\wshbth.dll
0x00007ff9e98b0000 - 0x00007ff9e98cd000 	C:\WINDOWS\system32\NLAapi.dll
0x00007ff9eebb0000 - 0x00007ff9eebeb000 	C:\WINDOWS\SYSTEM32\IPHLPAPI.DLL
0x00007ff9eebf0000 - 0x00007ff9eecbb000 	C:\WINDOWS\SYSTEM32\DNSAPI.dll
0x00007ff9f0dc0000 - 0x00007ff9f0dc8000 	C:\WINDOWS\System32\NSI.dll
0x00007ff9dc850000 - 0x00007ff9dc862000 	C:\WINDOWS\System32\winrnr.dll
0x00007ff9e6e90000 - 0x00007ff9e6e9a000 	C:\Windows\System32\rasadhlp.dll
0x00007ff9e6d70000 - 0x00007ff9e6def000 	C:\WINDOWS\System32\fwpuclnt.dll
0x00007ff9efc10000 - 0x00007ff9efc37000 	C:\WINDOWS\System32\bcrypt.dll
0x00007ff9ea080000 - 0x00007ff9ea092000 	C:\AnypointStudio-7.6.0-win64\AnypointStudio\plugins\org.mule.tooling.jdk.win32.x86_64_1.0.0.202004281356\jre\bin\nio.dll
0x00007ff9ef0a0000 - 0x00007ff9ef0b8000 	C:\WINDOWS\SYSTEM32\CRYPTSP.dll
0x00007ff9ee860000 - 0x00007ff9ee894000 	C:\WINDOWS\system32\rsaenh.dll
0x00007ff9ef6a0000 - 0x00007ff9ef6ce000 	C:\WINDOWS\SYSTEM32\USERENV.dll
0x00007ff9efaf0000 - 0x00007ff9efb70000 	C:\WINDOWS\System32\bcryptprimitives.dll
0x00007ff9ef090000 - 0x00007ff9ef09c000 	C:\WINDOWS\SYSTEM32\CRYPTBASE.dll
0x00007ff9e8ff0000 - 0x00007ff9e9007000 	C:\WINDOWS\SYSTEM32\dhcpcsvc6.DLL
0x00007ff9e8fd0000 - 0x00007ff9e8fed000 	C:\WINDOWS\SYSTEM32\dhcpcsvc.DLL

VM Arguments:
jvm_args: -Djava.library.path= -Dlog4j.skipJansi=true -Djava.io.tmpdir=C:\Users\user\AppData\Local\Temp\ -Dorg.glassfish.grizzly.DEFAULT_MEMORY_MANAGER=org.glassfish.grizzly.memory.HeapMemoryManager -Dmule.testingMode -Dmunit.server.port=45368 -Dlog4j.configurationFile=C:\Users\user\AppData\Local\Temp\munit-temp-dir\munittarget7977024417017507273\test-classes\log4j2-test.xml -Dfile.encoding=UTF-8 
java_command: org.mule.munit.remote.RemoteRunner -run_configuration C:\Users\user\AppData\Local\Temp\munit-temp-dir\munitworkingdir3097225200473872370\run-configuration.json
java_class_path (initial): C:\AnypointStudio-7.6.0-win64\AnypointStudio\plugins\org.mule.tooling.ui.contribution.munit_2.6.0.202006301835\lib\munit-remote-jar-with-dependencies.jar;C:\Users\user\AppData\Local\Temp\munit-temp-dir\munittarget7977024417017507273\test-classes\log4j2-test.xml
Launcher Type: SUN_STANDARD

Environment Variables:
JAVA_HOME=C:\Program Files\Java\jre1.8.0_201
CLASSPATH=C:\Program Files\Java\jdk1.8.0_201\lib
PATH=E:\app\user\product\11.2.0\dbhome_2\bin;C:\Program Files (x86)\Common Files\Oracle\Java\javapath;C:\WINDOWS\system32;C:\WINDOWS;C:\WINDOWS\System32\Wbem;C:\WINDOWS\System32\WindowsPowerShell\v1.0\;C:\WINDOWS\System32\OpenSSH\;C:\zookeeper-3.6.1\bin;%JAVA_HOME%\bin;C:\Program Files\Git\cmd;E:\apache-maven-3.6.3\bin;C:\Program Files\MySQL\MySQL Shell 8.0\bin\;C:\Program Files\Java\jdk1.8.0_201\bin
USERNAME=user
OS=Windows_NT
PROCESSOR_IDENTIFIER=Intel64 Family 6 Model 61 Stepping 4, GenuineIntel



---------------  S Y S T E M  ---------------

OS: Windows 10.0 , 64 bit Build 19041 (10.0.19041.804)

CPU:total 4 (initial active 4) (2 cores per cpu, 2 threads per core) family 6 model 61 stepping 4, cmov, cx8, fxsr, mmx, sse, sse2, sse3, ssse3, sse4.1, sse4.2, popcnt, avx, avx2, aes, clmul, erms, rtm, 3dnowpref, lzcnt, ht, tsc, tscinvbit, bmi1, bmi2, adx

Memory: 4k page, physical 16649324k(3525752k free), swap 30579592k(5156k free)

vm_info: OpenJDK 64-Bit Server VM (25.232-b09) for windows-amd64 JRE (1.8.0_232-b09), built on Oct 18 2019 15:06:13 by "jenkins" with MS VC++ 12.0 (VS2013)

time: Mon Mar 15 15:02:59 2021
timezone: India Standard Time
elapsed time: 57 seconds (0d 0h 0m 57s)

