#
# There is insufficient memory for the Java Runtime Environment to continue.
# Native memory allocation (malloc) failed to allocate 32744 bytes for ChunkPool::allocate
# Possible reasons:
#   The system is out of physical RAM or swap space
#   The process is running with CompressedOops enabled, and the Java Heap may be blocking the growth of the native heap
# Possible solutions:
#   Reduce memory load on the system
#   Increase physical memory or swap space
#   Check if swap backing store is full
#   Decrease Java heap size (-Xmx/-Xms)
#   Decrease number of Java threads
#   Decrease Java thread stack sizes (-Xss)
#   Set larger code cache with -XX:ReservedCodeCacheSize=
#   JVM is running with Zero Based Compressed Oops mode in which the Java heap is
#     placed in the first 32GB address space. The Java Heap base address is the
#     maximum limit for the native heap growth. Please use -XX:HeapBaseMinAddress
#     to set the Java Heap base and to place the Java Heap above 32GB virtual address.
# This output file may be truncated or incomplete.
#
#  Out of Memory Error (allocation.cpp:272), pid=48412, tid=0x0000000000009210
#
# JRE version: OpenJDK Runtime Environment (8.0_232-b09) (build 1.8.0_232-b09)
# Java VM: OpenJDK 64-Bit Server VM (25.232-b09 mixed mode windows-amd64 compressed oops)
# Failed to write core dump. Minidumps are not enabled by default on client versions of Windows
#

---------------  T H R E A D  ---------------

Current thread (0x00000252fce12800):  JavaThread "munit.01" [_thread_in_vm, id=37392, stack(0x000000b13e800000,0x000000b13e900000)]

Stack: [0x000000b13e800000,0x000000b13e900000]
[error occurred during error reporting (printing stack bounds), id 0xc0000005]

Native frames: (J=compiled Java code, j=interpreted, Vv=VM code, C=native code)

Java frames: (J=compiled Java code, j=interpreted, Vv=VM code)
J 545  java.lang.ClassLoader.defineClass1(Ljava/lang/String;[BIILjava/security/ProtectionDomain;Ljava/lang/String;)Ljava/lang/Class; (0 bytes) @ 0x00000252e8ca6f5f [0x00000252e8ca6ec0+0x9f]
J 4922 C2 java.lang.ClassLoader.defineClass(Ljava/lang/String;[BIILjava/security/ProtectionDomain;)Ljava/lang/Class; (43 bytes) @ 0x00000252e99c9e7c [0x00000252e99c99a0+0x4dc]
J 9269 C2 java.net.URLClassLoader$1.run()Ljava/lang/Object; (5 bytes) @ 0x00000252e9ca4d04 [0x00000252e9ca3f20+0xde4]
v  ~StubRoutines::call_stub
J 137  java.security.AccessController.doPrivileged(Ljava/security/PrivilegedExceptionAction;Ljava/security/AccessControlContext;)Ljava/lang/Object; (0 bytes) @ 0x00000252e8ba2a26 [0x00000252e8ba29c0+0x66]
J 4581 C2 java.net.URLClassLoader.findClass(Ljava/lang/String;)Ljava/lang/Class; (47 bytes) @ 0x00000252e965cde8 [0x00000252e965cd40+0xa8]
J 6265 C1 org.mule.runtime.module.artifact.api.classloader.FineGrainedControlClassLoader.findLocalClass(Ljava/lang/String;)Ljava/lang/Class; (37 bytes) @ 0x00000252e9e20a84 [0x00000252e9e20460+0x624]
J 8030 C1 org.mule.runtime.module.artifact.api.classloader.FineGrainedControlClassLoader.loadClass(Ljava/lang/String;Z)Ljava/lang/Class; (223 bytes) @ 0x00000252ea3f4f84 [0x00000252ea3f2fc0+0x1fc4]
J 5718 C1 org.mule.runtime.module.artifact.api.classloader.MuleArtifactClassLoader.loadClass(Ljava/lang/String;Z)Ljava/lang/Class; (56 bytes) @ 0x00000252e9c29484 [0x00000252e9c29400+0x84]
J 4487 C2 java.lang.ClassLoader.loadClass(Ljava/lang/String;)Ljava/lang/Class; (7 bytes) @ 0x00000252e975ab40 [0x00000252e975ab00+0x40]
v  ~StubRoutines::call_stub
J 545  java.lang.ClassLoader.defineClass1(Ljava/lang/String;[BIILjava/security/ProtectionDomain;Ljava/lang/String;)Ljava/lang/Class; (0 bytes) @ 0x00000252e8ca6f5f [0x00000252e8ca6ec0+0x9f]
J 4922 C2 java.lang.ClassLoader.defineClass(Ljava/lang/String;[BIILjava/security/ProtectionDomain;)Ljava/lang/Class; (43 bytes) @ 0x00000252e99c9e7c [0x00000252e99c99a0+0x4dc]
J 9269 C2 java.net.URLClassLoader$1.run()Ljava/lang/Object; (5 bytes) @ 0x00000252e9ca4d04 [0x00000252e9ca3f20+0xde4]
v  ~StubRoutines::call_stub
J 137  java.security.AccessController.doPrivileged(Ljava/security/PrivilegedExceptionAction;Ljava/security/AccessControlContext;)Ljava/lang/Object; (0 bytes) @ 0x00000252e8ba2a26 [0x00000252e8ba29c0+0x66]
J 4581 C2 java.net.URLClassLoader.findClass(Ljava/lang/String;)Ljava/lang/Class; (47 bytes) @ 0x00000252e965cde8 [0x00000252e965cd40+0xa8]
J 6265 C1 org.mule.runtime.module.artifact.api.classloader.FineGrainedControlClassLoader.findLocalClass(Ljava/lang/String;)Ljava/lang/Class; (37 bytes) @ 0x00000252e9e20a84 [0x00000252e9e20460+0x624]
J 8030 C1 org.mule.runtime.module.artifact.api.classloader.FineGrainedControlClassLoader.loadClass(Ljava/lang/String;Z)Ljava/lang/Class; (223 bytes) @ 0x00000252ea3f4f84 [0x00000252ea3f2fc0+0x1fc4]
J 5718 C1 org.mule.runtime.module.artifact.api.classloader.MuleArtifactClassLoader.loadClass(Ljava/lang/String;Z)Ljava/lang/Class; (56 bytes) @ 0x00000252e9c29484 [0x00000252e9c29400+0x84]
J 4487 C2 java.lang.ClassLoader.loadClass(Ljava/lang/String;)Ljava/lang/Class; (7 bytes) @ 0x00000252e975ab40 [0x00000252e975ab00+0x40]
v  ~StubRoutines::call_stub
j  org.mule.weave.v2.parser.ModuleParser$.parse(Lorg/mule/weave/v2/parser/phase/ParsingContentInput;Lorg/mule/weave/v2/parser/phase/ParsingContext;)Lscala/util/Either;+0
j  org.mule.weave.v2.parser.ModuleParser$.$anonfun$parsingPhase$1(Lorg/mule/weave/v2/parser/phase/ParsingContentInput;Lorg/mule/weave/v2/parser/phase/ParsingContext;)Lscala/util/Either;+5
j  org.mule.weave.v2.parser.ModuleParser$$$Lambda$1934.apply(Ljava/lang/Object;Ljava/lang/Object;)Ljava/lang/Object;+8
j  org.mule.weave.v2.parser.phase.ParsingPhase.doParse(Lorg/mule/weave/v2/parser/phase/ParsingContentInput;Lorg/mule/weave/v2/parser/phase/ParsingContext;)Lscala/Option;+6
j  org.mule.weave.v2.parser.phase.ParsingPhase.doCall(Lorg/mule/weave/v2/parser/phase/ParsingContentInput;Lorg/mule/weave/v2/parser/phase/ParsingContext;)Lorg/mule/weave/v2/parser/phase/PhaseResult;+3
j  org.mule.weave.v2.parser.phase.ParsingPhase.doCall(Ljava/lang/Object;Lorg/mule/weave/v2/parser/phase/ParsingContext;)Lorg/mule/weave/v2/parser/phase/PhaseResult;+6
j  org.mule.weave.v2.parser.phase.CompilationPhase.call(Ljava/lang/Object;Lorg/mule/weave/v2/parser/phase/ParsingContext;)Lorg/mule/weave/v2/parser/phase/PhaseResult;+15
j  org.mule.weave.v2.parser.phase.CompilationPhase.call$(Lorg/mule/weave/v2/parser/phase/CompilationPhase;Ljava/lang/Object;Lorg/mule/weave/v2/parser/phase/ParsingContext;)Lorg/mule/weave/v2/parser/phase/PhaseResult;+3
j  org.mule.weave.v2.parser.phase.ParsingPhase.call(Ljava/lang/Object;Lorg/mule/weave/v2/parser/phase/ParsingContext;)Lorg/mule/weave/v2/parser/phase/PhaseResult;+3
j  org.mule.weave.v2.parser.phase.CompositeCompilationPhase.doCall(Ljava/lang/Object;Lorg/mule/weave/v2/parser/phase/ParsingContext;)Lorg/mule/weave/v2/parser/phase/PhaseResult;+6
j  org.mule.weave.v2.parser.phase.CompilationPhase.call(Ljava/lang/Object;Lorg/mule/weave/v2/parser/phase/ParsingContext;)Lorg/mule/weave/v2/parser/phase/PhaseResult;+15
j  org.mule.weave.v2.parser.phase.CompilationPhase.call$(Lorg/mule/weave/v2/parser/phase/CompilationPhase;Ljava/lang/Object;Lorg/mule/weave/v2/parser/phase/ParsingContext;)Lorg/mule/weave/v2/parser/phase/PhaseResult;+3
j  org.mule.weave.v2.parser.phase.CompositeCompilationPhase.call(Ljava/lang/Object;Lorg/mule/weave/v2/parser/phase/ParsingContext;)Lorg/mule/weave/v2/parser/phase/PhaseResult;+3
j  org.mule.weave.v2.parser.ModuleParser$.parse(Lorg/mule/weave/v2/parser/phase/CompilationPhase;Lorg/mule/weave/v2/sdk/WeaveResource;Lorg/mule/weave/v2/parser/phase/ParsingContext;)Lorg/mule/weave/v2/parser/phase/PhaseResult;+30
j  org.mule.weave.v2.parser.phase.ResourceBasedModuleParser.parserAsModule(Lorg/mule/weave/v2/parser/ast/variables/NameIdentifier;Lorg/mule/weave/v2/sdk/WeaveResource;Lorg/mule/weave/v2/parser/phase/ParsingContext;)Lorg/mule/weave/v2/parser/phase/PhaseResult;+21
j  org.mule.weave.v2.parser.phase.ResourceBasedModuleParser.$anonfun$loadModule$4(Lorg/mule/weave/v2/parser/phase/ResourceBasedModuleParser;Lorg/mule/weave/v2/parser/ast/variables/NameIdentifier;Lorg/mule/weave/v2/parser/phase/ParsingContext;Lorg/mule/weave/v2/sdk/WeaveResource;)Lorg/mule/weave/v2/parser/phase/PhaseResult;+4
j  org.mule.weave.v2.parser.phase.ResourceBasedModuleParser$$Lambda$1931.apply(Ljava/lang/Object;)Ljava/lang/Object;+16
j  scala.Option.map(Lscala/Function1;)Lscala/Option;+20
j  org.mule.weave.v2.parser.phase.ResourceBasedModuleParser.loadModule(Lorg/mule/weave/v2/parser/ast/variables/NameIdentifier;Lorg/mule/weave/v2/parser/phase/ParsingContext;)Lscala/Option;+87
j  org.mule.weave.v2.parser.phase.ModuleLoaderManager.$anonfun$loadModule$3(Lorg/mule/weave/v2/parser/ast/variables/NameIdentifier;Lorg/mule/weave/v2/parser/phase/ParsingContext;Lorg/mule/weave/v2/parser/phase/ModuleLoader;)Lscala/collection/Iterable;+6
j  org.mule.weave.v2.parser.phase.ModuleLoaderManager$$Lambda$1925.apply(Ljava/lang/Object;)Ljava/lang/Object;+12
j  scala.collection.immutable.Stream.flatMap(Lscala/Function1;Lscala/collection/generic/CanBuildFrom;)Ljava/lang/Object;+43
j  org.mule.weave.v2.parser.phase.ModuleLoaderManager.loadModule(Lscala/collection/Seq;Lorg/mule/weave/v2/parser/ast/variables/NameIdentifier;Lorg/mule/weave/v2/parser/phase/ParsingContext;)Lscala/Option;+19
j  org.mule.weave.v2.parser.phase.ModuleLoaderManager.$anonfun$loadModule$2(Lorg/mule/weave/v2/parser/phase/ModuleLoaderManager;Lorg/mule/weave/v2/parser/ast/variables/NameIdentifier;Lorg/mule/weave/v2/parser/phase/ParsingContext;Lscala/collection/Seq;)Lscala/Option;+4
j  org.mule.weave.v2.parser.phase.ModuleLoaderManager$$Lambda$1923.apply(Ljava/lang/Object;)Ljava/lang/Object;+16
j  scala.Option.flatMap(Lscala/Function1;)Lscala/Option;+16
j  org.mule.weave.v2.parser.phase.ModuleLoaderManager.loadModule(Lorg/mule/weave/v2/parser/ast/variables/NameIdentifier;Lorg/mule/weave/v2/parser/phase/ParsingContext;)Lscala/Option;+34
j  org.mule.weave.v2.parser.phase.DefaultModuleParsingPhasesManager.parseModule(Lorg/mule/weave/v2/parser/ast/variables/NameIdentifier;Lorg/mule/weave/v2/parser/phase/ParsingContext;)Lscala/Option;+71
j  org.mule.weave.v2.parser.phase.DefaultModuleParsingPhasesManager.scopeCheckModule(Lorg/mule/weave/v2/parser/ast/variables/NameIdentifier;Lorg/mule/weave/v2/parser/phase/ParsingContext;)Lscala/Option;+60
j  org.mule.weave.v2.interpreted.CustomRuntimeModuleNodeCompiler.localCompile(Lorg/mule/weave/v2/parser/ast/variables/NameIdentifier;Lorg/mule/weave/v2/parser/phase/ParsingContext;Lorg/mule/weave/v2/interpreted/RuntimeModuleNodeCompiler;)Lscala/Option;+31
j  org.mule.weave.v2.interpreted.CustomRuntimeModuleNodeCompiler.$anonfun$compile$5(Lorg/mule/weave/v2/interpreted/CustomRuntimeModuleNodeCompiler;Lorg/mule/weave/v2/parser/ast/variables/NameIdentifier;Lorg/mule/weave/v2/parser/phase/ParsingContext;Lorg/mule/weave/v2/interpreted/RuntimeModuleNodeCompiler;)Lscala/Option;+4
j  org.mule.weave.v2.interpreted.CustomRuntimeModuleNodeCompiler$$Lambda$1921.apply()Ljava/lang/Object;+16
j  scala.Option.orElse(Lscala/Function0;)Lscala/Option;+8
j  org.mule.weave.v2.interpreted.CustomRuntimeModuleNodeCompiler.compile(Lorg/mule/weave/v2/parser/ast/variables/NameIdentifier;Lorg/mule/weave/v2/parser/phase/ParsingContext;Lorg/mule/weave/v2/interpreted/RuntimeModuleNodeCompiler;)Lscala/Option;+57
j  org.mule.weave.v2.interpreted.CustomRuntimeModuleNodeCompiler.compile(Lorg/mule/weave/v2/parser/ast/variables/NameIdentifier;Lorg/mule/weave/v2/parser/phase/ParsingContext;)Lscala/Option;+4
j  org.mule.weave.v2.el.MuleServiceLevelModuleManager.loadModule(Lorg/mule/weave/v2/parser/ast/variables/NameIdentifier;)Z+51
j  org.mule.weave.v2.el.WeaveDefaultExpressionLanguageFactoryService.<init>(Lorg/mule/runtime/api/scheduler/SchedulerService;)V+30
j  org.mule.weave.v2.el.WeaveServiceProvider.getServiceDefinition()Lorg/mule/runtime/api/service/ServiceDefinition;+21
j  org.mule.runtime.module.service.internal.manager.LazyServiceProxy.instantiateService()Lorg/mule/runtime/api/service/Service;+19
j  org.mule.runtime.module.service.internal.manager.LazyServiceProxy.lambda$null$0()Lorg/mule/runtime/api/service/Service;+1
j  org.mule.runtime.module.service.internal.manager.LazyServiceProxy$$Lambda$1663.call()Ljava/lang/Object;+4
j  org.mule.runtime.core.api.util.ExceptionUtils.tryExpecting(Ljava/lang/Class;Ljava/util/concurrent/Callable;Lorg/mule/runtime/core/api/util/ExceptionHandler;)Ljava/lang/Object;+1
j  org.mule.runtime.core.api.util.ClassUtils.withContextClassLoader(Ljava/lang/ClassLoader;Ljava/util/concurrent/Callable;Ljava/lang/Class;Lorg/mule/runtime/core/api/util/ExceptionHandler;)Ljava/lang/Object;+27
j  org.mule.runtime.core.api.util.ClassUtils.withContextClassLoader(Ljava/lang/ClassLoader;Ljava/util/concurrent/Callable;)Ljava/lang/Object;+9
j  org.mule.runtime.module.service.internal.manager.LazyServiceProxy.withServiceClassLoader(Ljava/util/concurrent/Callable;)Ljava/lang/Object;+10
j  org.mule.runtime.module.service.internal.manager.LazyServiceProxy.lambda$createService$1()Lorg/mule/runtime/api/service/Service;+7
j  org.mule.runtime.module.service.internal.manager.LazyServiceProxy$$Lambda$218.getChecked()Ljava/lang/Object;+4
J 8633 C1 org.mule.runtime.core.api.util.func.CheckedSupplier.get()Ljava/lang/Object; (16 bytes) @ 0x00000252e94e238c [0x00000252e94e2280+0x10c]
J 9209 C1 org.mule.runtime.api.util.LazyValue.get()Ljava/lang/Object; (56 bytes) @ 0x00000252e99ccd14 [0x00000252e99ccac0+0x254]
j  org.mule.runtime.module.service.internal.manager.LazyServiceProxy.invoke(Ljava/lang/Object;Ljava/lang/reflect/Method;[Ljava/lang/Object;)Ljava/lang/Object;+118
j  com.sun.proxy.$Proxy37.create(Lorg/mule/runtime/api/el/ExpressionLanguageConfiguration;)Lorg/mule/runtime/api/el/ExpressionLanguage;+16
j  org.mule.runtime.core.internal.el.dataweave.DataWeaveExpressionLanguageAdaptor.<init>(Lorg/mule/runtime/core/api/MuleContext;Lorg/mule/runtime/api/artifact/Registry;Lorg/mule/runtime/api/el/DefaultExpressionLanguageFactoryService;)V+19
j  org.mule.runtime.core.internal.el.DefaultExpressionManager.createWeaveExpressionLanguageAdaptor(Lorg/mule/runtime/api/el/DefaultExpressionLanguageFactoryService;)Lorg/mule/runtime/core/internal/el/dataweave/DataWeaveExpressionLanguageAdaptor;+13
j  org.mule.runtime.core.internal.el.DefaultExpressionManager.lambda$createExpressionLanguageAdaptor$0(Lorg/mule/runtime/api/el/DefaultExpressionLanguageFactoryService;)Lorg/mule/runtime/core/internal/el/ExtendedExpressionLanguageAdaptor;+2
j  org.mule.runtime.core.internal.el.DefaultExpressionManager$$Lambda$1636.getChecked()Ljava/lang/Object;+8
J 8633 C1 org.mule.runtime.core.api.util.func.CheckedSupplier.get()Ljava/lang/Object; (16 bytes) @ 0x00000252e94e238c [0x00000252e94e2280+0x10c]
j  org.mule.runtime.core.internal.el.LazyExpressionLanguageAdaptor.delegate()Lorg/mule/runtime/core/internal/el/ExtendedExpressionLanguageAdaptor;+23
j  org.mule.runtime.core.internal.el.LazyExpressionLanguageAdaptor.compile(Ljava/lang/String;Lorg/mule/runtime/api/el/BindingContext;)Lorg/mule/runtime/api/el/CompiledExpression;+1
j  org.mule.runtime.core.internal.el.DefaultExpressionManager.compile(Ljava/lang/String;Lorg/mule/runtime/api/el/BindingContext;)Lorg/mule/runtime/api/el/CompiledExpression;+6
v  ~StubRoutines::call_stub
J 1921  sun.reflect.NativeMethodAccessorImpl.invoke0(Ljava/lang/reflect/Method;Ljava/lang/Object;[Ljava/lang/Object;)Ljava/lang/Object; (0 bytes) @ 0x00000252e90a877f [0x00000252e90a8700+0x7f]
J 1920 C1 sun.reflect.NativeMethodAccessorImpl.invoke(Ljava/lang/Object;[Ljava/lang/Object;)Ljava/lang/Object; (104 bytes) @ 0x00000252e90beafc [0x00000252e90bd900+0x11fc]
J 3324 C2 java.lang.reflect.Method.invoke(Ljava/lang/Object;[Ljava/lang/Object;)Ljava/lang/Object; (62 bytes) @ 0x00000252e9742448 [0x00000252e97423a0+0xa8]
j  org.mule.runtime.core.internal.execution.ClassLoaderInjectorInvocationHandler.invoke(Ljava/lang/Object;Ljava/lang/reflect/Method;[Ljava/lang/Object;)Ljava/lang/Object;+24
j  com.sun.proxy.$Proxy134.compile(Ljava/lang/String;Lorg/mule/runtime/api/el/BindingContext;)Lorg/mule/runtime/api/el/CompiledExpression;+20
j  org.mule.runtime.core.internal.el.ExpressionLanguageUtils.compile(Ljava/lang/String;Lorg/mule/runtime/api/el/ExpressionLanguage;)Lorg/mule/runtime/api/el/CompiledExpression;+5
j  org.mule.runtime.core.privileged.util.AttributeEvaluator.getEvaluator(Lorg/mule/runtime/api/metadata/DataType;)Lorg/mule/runtime/core/privileged/util/attribute/AttributeEvaluatorDelegate;+35
j  org.mule.runtime.core.privileged.util.AttributeEvaluator.initialize(Lorg/mule/runtime/core/api/el/ExtendedExpressionManager;)Lorg/mule/runtime/core/privileged/util/AttributeEvaluator;+11
j  org.mule.runtime.module.extension.internal.runtime.resolver.ExpressionValueResolver.initialise()V+15
j  org.mule.runtime.module.extension.internal.runtime.resolver.ExpressionTypedValueValueResolver.initialise()V+1
j  org.mule.runtime.core.api.lifecycle.LifecycleUtils.initialiseIfNeeded(Ljava/lang/Object;)V+16
j  org.mule.runtime.core.api.lifecycle.LifecycleUtils.initialiseIfNeeded(Ljava/lang/Object;ZLorg/mule/runtime/core/api/MuleContext;)V+120
j  org.mule.runtime.core.api.lifecycle.LifecycleUtils.initialiseIfNeeded(Ljava/lang/Object;Lorg/mule/runtime/core/api/MuleContext;)V+3
j  org.mule.runtime.module.extension.internal.runtime.resolver.ResolverUtils.getExpressionBasedValueResolver(Ljava/lang/String;Ljava/util/function/BooleanSupplier;Ljava/util/function/BooleanSupplier;Ljava/util/Optional;Lorg/mule/metadata/api/model/MetadataType;Lorg/mule/runtime/core/api/MuleContext;)Lorg/mule/runtime/module/extension/internal/runtime/resolver/ValueResolver;+255
j  org.mule.runtime.module.extension.internal.runtime.resolver.ResolverUtils.getExpressionBasedValueResolver(Ljava/lang/String;Lorg/mule/metadata/api/model/MetadataType;Lorg/mule/runtime/core/api/MuleContext;)Lorg/mule/runtime/module/extension/internal/runtime/resolver/ValueResolver;+18
j  org.mule.runtime.module.extension.internal.runtime.resolver.ResolverUtils.getFieldDefaultValueValueResolver(Lorg/mule/metadata/api/model/ObjectFieldType;Lorg/mule/runtime/core/api/MuleContext;)Lorg/mule/runtime/module/extension/internal/runtime/resolver/ValueResolver;+55
j  org.mule.runtime.module.extension.internal.runtime.resolver.NullSafeValueResolverWrapper$1.visitObject(Lorg/mule/metadata/api/model/ObjectType;)V+259
J 6516 C2 org.mule.metadata.api.model.impl.DefaultObjectType.accept(Lorg/mule/metadata/api/visitor/MetadataTypeVisitor;)V (6 bytes) @ 0x00000252e9ec5c84 [0x00000252e9ec5c40+0x44]
j  org.mule.runtime.module.extension.internal.runtime.resolver.NullSafeValueResolverWrapper.of(Lorg/mule/runtime/module/extension/internal/runtime/resolver/ValueResolver;Lorg/mule/metadata/api/model/MetadataType;Lorg/mule/runtime/module/extension/internal/util/ReflectionCache;Lorg/mule/runtime/core/api/el/ExpressionManager;Lorg/mule/runtime/core/api/MuleContext;Lorg/mule/runtime/module/extension/internal/runtime/resolver/ObjectTypeParametersResolver;)Lorg/mule/runtime/module/extension/internal/runtime/resolver/ValueResolver;+40
j  org.mule.runtime.module.extension.internal.runtime.resolver.ParametersResolver.getInlineGroupResolver(Lorg/mule/runtime/api/meta/model/parameter/ParameterGroupModel;Lorg/mule/runtime/module/extension/internal/runtime/resolver/ResolverSet;Lorg/mule/runtime/core/api/MuleContext;)V+132
j  org.mule.runtime.module.extension.internal.runtime.resolver.ParametersResolver.getParametersAsResolverSet(Lorg/mule/runtime/api/meta/model/parameter/ParameterizedModel;Lorg/mule/runtime/core/api/MuleContext;)Lorg/mule/runtime/module/extension/internal/runtime/resolver/ResolverSet;+70
j  org.mule.runtime.module.extension.internal.config.dsl.source.ExtensionSourceObjectFactory.getCallbackParameters(Ljava/util/Optional;)Lorg/mule/runtime/module/extension/internal/runtime/resolver/ResolverSet;+22
j  org.mule.runtime.module.extension.internal.config.dsl.source.ExtensionSourceObjectFactory.lambda$doGetObject$0()Lorg/mule/runtime/module/extension/internal/runtime/source/ExtensionMessageSource;+65
j  org.mule.runtime.module.extension.internal.config.dsl.source.ExtensionSourceObjectFactory$$Lambda$1890.call()Ljava/lang/Object;+4
j  org.mule.runtime.core.api.util.ExceptionUtils.tryExpecting(Ljava/lang/Class;Ljava/util/concurrent/Callable;Lorg/mule/runtime/core/api/util/ExceptionHandler;)Ljava/lang/Object;+1
j  org.mule.runtime.core.api.util.ClassUtils.withContextClassLoader(Ljava/lang/ClassLoader;Ljava/util/concurrent/Callable;Ljava/lang/Class;Lorg/mule/runtime/core/api/util/ExceptionHandler;)Ljava/lang/Object;+27
j  org.mule.runtime.core.api.util.ClassUtils.withContextClassLoader(Ljava/lang/ClassLoader;Ljava/util/concurrent/Callable;)Ljava/lang/Object;+9
j  org.mule.runtime.module.extension.internal.config.dsl.source.ExtensionSourceObjectFactory.doGetObject()Lorg/mule/runtime/module/extension/internal/runtime/source/ExtensionMessageSource;+13
j  org.mule.runtime.module.extension.internal.config.dsl.source.ExtensionSourceObjectFactory$$EnhancerByCGLIB$$3da53db7.CGLIB$doGetObject$4()Lorg/mule/runtime/module/extension/internal/runtime/source/ExtensionMessageSource;+1
j  org.mule.runtime.module.extension.internal.config.dsl.source.ExtensionSourceObjectFactory$$EnhancerByCGLIB$$3da53db7$$FastClassByCGLIB$$4c4f44f1.invoke(ILjava/lang/Object;[Ljava/lang/Object;)Ljava/lang/Object;+512
j  net.sf.cglib.proxy.MethodProxy.invokeSuper(Ljava/lang/Object;[Ljava/lang/Object;)Ljava/lang/Object;+19
j  org.mule.runtime.config.internal.dsl.spring.ObjectFactoryClassRepository.lambda$getObjectFactoryDynamicClass$1(Ljava/util/function/Supplier;ZLjava/lang/Class;Ljava/util/Optional;Ljava/lang/Object;Ljava/lang/reflect/Method;[Ljava/lang/Object;Lnet/sf/cglib/proxy/MethodProxy;)Ljava/lang/Object;+157
j  org.mule.runtime.config.internal.dsl.spring.ObjectFactoryClassRepository$$Lambda$1776.intercept(Ljava/lang/Object;Ljava/lang/reflect/Method;[Ljava/lang/Object;Lnet/sf/cglib/proxy/MethodProxy;)Ljava/lang/Object;+21
j  org.mule.runtime.module.extension.internal.config.dsl.source.ExtensionSourceObjectFactory$$EnhancerByCGLIB$$3da53db7.doGetObject()Lorg/mule/runtime/module/extension/internal/runtime/source/ExtensionMessageSource;+31
j  org.mule.runtime.module.extension.internal.config.dsl.source.ExtensionSourceObjectFactory.doGetObject()Ljava/lang/Object;+1
j  org.mule.runtime.module.extension.internal.config.dsl.source.ExtensionSourceObjectFactory$$EnhancerByCGLIB$$3da53db7.CGLIB$doGetObject$5()Ljava/lang/Object;+1
j  org.mule.runtime.module.extension.internal.config.dsl.source.ExtensionSourceObjectFactory$$EnhancerByCGLIB$$3da53db7$$FastClassByCGLIB$$4c4f44f1.invoke(ILjava/lang/Object;[Ljava/lang/Object;)Ljava/lang/Object;+455
j  net.sf.cglib.proxy.MethodProxy.invokeSuper(Ljava/lang/Object;[Ljava/lang/Object;)Ljava/lang/Object;+19
j  org.mule.runtime.config.internal.dsl.spring.ObjectFactoryClassRepository.lambda$getObjectFactoryDynamicClass$1(Ljava/util/function/Supplier;ZLjava/lang/Class;Ljava/util/Optional;Ljava/lang/Object;Ljava/lang/reflect/Method;[Ljava/lang/Object;Lnet/sf/cglib/proxy/MethodProxy;)Ljava/lang/Object;+157
j  org.mule.runtime.config.internal.dsl.spring.ObjectFactoryClassRepository$$Lambda$1776.intercept(Ljava/lang/Object;Ljava/lang/reflect/Method;[Ljava/lang/Object;Lnet/sf/cglib/proxy/MethodProxy;)Ljava/lang/Object;+21
j  org.mule.runtime.module.extension.internal.config.dsl.source.ExtensionSourceObjectFactory$$EnhancerByCGLIB$$3da53db7.doGetObject()Ljava/lang/Object;+31
j  org.mule.runtime.dsl.api.component.AbstractComponentFactory.getObject()Ljava/lang/Object;+1
j  org.mule.runtime.module.extension.internal.config.dsl.AbstractExtensionObjectFactory.getObject()Ljava/lang/Object;+1
j  org.mule.runtime.module.extension.internal.config.dsl.source.ExtensionSourceObjectFactory$$EnhancerByCGLIB$$3da53db7.CGLIB$getObject$9()Ljava/lang/Object;+1
j  org.mule.runtime.module.extension.internal.config.dsl.source.ExtensionSourceObjectFactory$$EnhancerByCGLIB$$3da53db7$$FastClassByCGLIB$$4c4f44f1.invoke(ILjava/lang/Object;[Ljava/lang/Object;)Ljava/lang/Object;+533
j  net.sf.cglib.proxy.MethodProxy.invokeSuper(Ljava/lang/Object;[Ljava/lang/Object;)Ljava/lang/Object;+19
j  org.mule.runtime.config.internal.dsl.spring.ObjectFactoryClassRepository.lambda$getObjectFactoryDynamicClass$1(Ljava/util/function/Supplier;ZLjava/lang/Class;Ljava/util/Optional;Ljava/lang/Object;Ljava/lang/reflect/Method;[Ljava/lang/Object;Lnet/sf/cglib/proxy/MethodProxy;)Ljava/lang/Object;+95
j  org.mule.runtime.config.internal.dsl.spring.ObjectFactoryClassRepository$$Lambda$1776.intercept(Ljava/lang/Object;Ljava/lang/reflect/Method;[Ljava/lang/Object;Lnet/sf/cglib/proxy/MethodProxy;)Ljava/lang/Object;+21
j  org.mule.runtime.module.extension.internal.config.dsl.source.ExtensionSourceObjectFactory$$EnhancerByCGLIB$$3da53db7.getObject()Ljava/lang/Object;+31
j  org.springframework.beans.factory.support.FactoryBeanRegistrySupport.doGetObjectFromFactoryBean(Lorg/springframework/beans/factory/FactoryBean;Ljava/lang/String;)Ljava/lang/Object;+44
j  org.springframework.beans.factory.support.FactoryBeanRegistrySupport.getObjectFromFactoryBean(Lorg/springframework/beans/factory/FactoryBean;Ljava/lang/String;Z)Ljava/lang/Object;+177
j  org.springframework.beans.factory.support.BeanDefinitionValueResolver.resolveInnerBean(Ljava/lang/Object;Ljava/lang/String;Lorg/springframework/beans/factory/config/BeanDefinition;)Ljava/lang/Object;+164
j  org.springframework.beans.factory.support.BeanDefinitionValueResolver.resolveValueIfNecessary(Ljava/lang/Object;Ljava/lang/Object;)Ljava/lang/Object;+159
J 8776 C1 org.springframework.beans.factory.support.AbstractAutowireCapableBeanFactory.applyPropertyValues(Ljava/lang/String;Lorg/springframework/beans/factory/config/BeanDefinition;Lorg/springframework/beans/BeanWrapper;Lorg/springframework/beans/PropertyValues;)V (459 bytes) @ 0x00000252ea6282dc [0x00000252ea626980+0x195c]
J 8492 C1 org.springframework.beans.factory.support.AbstractAutowireCapableBeanFactory.populateBean(Ljava/lang/String;Lorg/springframework/beans/factory/support/RootBeanDefinition;Lorg/springframework/beans/BeanWrapper;)V (412 bytes) @ 0x00000252e8f06bf4 [0x00000252e8f03e00+0x2df4]
j  org.springframework.beans.factory.support.AbstractAutowireCapableBeanFactory.doCreateBean(Ljava/lang/String;Lorg/springframework/beans/factory/support/RootBeanDefinition;[Ljava/lang/Object;)Ljava/lang/Object;+237
j  org.springframework.beans.factory.support.AbstractAutowireCapableBeanFactory.createBean(Ljava/lang/String;Lorg/springframework/beans/factory/support/RootBeanDefinition;[Ljava/lang/Object;)Ljava/lang/Object;+169
j  org.springframework.beans.factory.support.AbstractBeanFactory.lambda$doGetBean$0(Ljava/lang/String;Lorg/springframework/beans/factory/support/RootBeanDefinition;[Ljava/lang/Object;)Ljava/lang/Object;+4
j  org.springframework.beans.factory.support.AbstractBeanFactory$$Lambda$1588.getObject()Ljava/lang/Object;+16
j  org.springframework.beans.factory.support.DefaultSingletonBeanRegistry.getSingleton(Ljava/lang/String;Lorg/springframework/beans/factory/ObjectFactory;)Ljava/lang/Object;+132
J 8577 C1 org.springframework.beans.factory.support.AbstractBeanFactory.doGetBean(Ljava/lang/String;Ljava/lang/Class;[Ljava/lang/Object;Z)Ljava/lang/Object; (833 bytes) @ 0x00000252ea5ac65c [0x00000252ea5aa900+0x1d5c]
J 8588 C1 org.mule.runtime.config.internal.ObjectProviderAwareBeanFactory.getBean(Ljava/lang/String;)Ljava/lang/Object; (93 bytes) @ 0x00000252e8dbafbc [0x00000252e8dbae40+0x17c]
J 8720 C1 org.springframework.context.support.AbstractApplicationContext.getBean(Ljava/lang/String;)Ljava/lang/Object; (15 bytes) @ 0x00000252ea5c7d0c [0x00000252ea5c7aa0+0x26c]
j  org.mule.runtime.config.internal.SpringRegistry.lookupObject(Ljava/lang/String;Z)Ljava/lang/Object;+62
J 8719 C1 org.mule.runtime.config.internal.SpringRegistry.lookupObject(Ljava/lang/String;)Ljava/lang/Object; (10 bytes) @ 0x00000252ea5c8154 [0x00000252ea5c80c0+0x94]
j  org.mule.runtime.core.internal.registry.MuleRegistryHelper.lookupObject(Ljava/lang/String;)Ljava/lang/Object;+5
j  org.mule.runtime.core.internal.registry.DefaultRegistry.lookupByName(Ljava/lang/String;)Ljava/util/Optional;+10
j  org.mule.runtime.config.internal.LazyMuleArtifactContext.lambda$createBeans$33(Ljava/util/Map;Lorg/mule/runtime/api/util/Pair;)V+11
j  org.mule.runtime.config.internal.LazyMuleArtifactContext$$Lambda$1816.accept(Ljava/lang/Object;)V+12
J 6112 C1 java.util.ArrayList.forEach(Ljava/util/function/Consumer;)V (75 bytes) @ 0x00000252e9d8804c [0x00000252e9d87e40+0x20c]
j  org.mule.runtime.config.internal.LazyMuleArtifactContext.createBeans(Ljava/util/List;)Ljava/util/List;+23
j  org.mule.runtime.config.internal.LazyMuleArtifactContext.lambda$createComponents$21(Ljava/util/Optional;Ljava/util/Optional;ZLjava/util/Optional;)Ljava/util/List;+283
j  org.mule.runtime.config.internal.LazyMuleArtifactContext$$Lambda$1736.call()Ljava/lang/Object;+20
j  org.mule.runtime.core.api.util.ExceptionUtils.tryExpecting(Ljava/lang/Class;Ljava/util/concurrent/Callable;Lorg/mule/runtime/core/api/util/ExceptionHandler;)Ljava/lang/Object;+1
j  org.mule.runtime.core.api.util.ClassUtils.withContextClassLoader(Ljava/lang/ClassLoader;Ljava/util/concurrent/Callable;Ljava/lang/Class;Lorg/mule/runtime/core/api/util/ExceptionHandler;)Ljava/lang/Object;+27
j  org.mule.runtime.core.api.util.ClassUtils.withContextClassLoader(Ljava/lang/ClassLoader;Ljava/util/concurrent/Callable;)Ljava/lang/Object;+9
j  org.mule.runtime.config.internal.LazyMuleArtifactContext.createComponents(Ljava/util/Optional;Ljava/util/Optional;ZLjava/util/Optional;)Ljava/util/List;+41
j  org.mule.runtime.config.internal.LazyMuleArtifactContext.initializeComponents(Lorg/mule/runtime/config/api/LazyComponentInitializer$ComponentLocationFilter;Z)V+20
j  org.mule.runtime.config.internal.LazyMuleArtifactContext.initializeComponents(Lorg/mule/runtime/config/api/LazyComponentInitializer$ComponentLocationFilter;)V+3
j  org.mule.munit.runner.config.TestComponentLocator.initializeComponents(Ljava/lang/String;)V+11
j  org.mule.munit.runner.model.builders.SuiteBuilder.build()Lorg/mule/munit/runner/model/Suite;+8
j  org.mule.munit.runner.remote.api.server.RunMessageHandler.buildSuite(Ljava/lang/String;Ljava/lang/String;Ljava/util/List;Ljava/util/Set;Lorg/mule/munit/common/protocol/listeners/SuiteRunEventListener;)Lorg/mule/munit/runner/model/Suite;+31
j  org.mule.munit.runner.remote.api.server.RunMessageHandler.parseSuiteMessage(Lorg/mule/munit/common/protocol/message/RunMessage;Lorg/mule/munit/common/protocol/listeners/SuiteRunEventListener;)Lorg/mule/munit/runner/model/Suite;+36
j  org.mule.munit.runner.remote.api.server.RunMessageHandler.parseAndRun(Lorg/mule/munit/common/protocol/message/RunMessage;Lorg/mule/munit/common/protocol/listeners/SuiteRunEventListener;)V+3
j  org.mule.munit.runner.remote.api.server.RunMessageHandler.handle()V+55
j  org.mule.munit.runner.remote.api.server.RunnerServer.handleClientMessage(Ljava/io/ObjectInput;Ljava/io/ObjectOutput;)V+15
j  org.mule.munit.runner.remote.api.server.RunnerServer.run()V+98
j  java.util.concurrent.Executors$RunnableAdapter.call()Ljava/lang/Object;+4
j  java.util.concurrent.FutureTask.run()V+42
j  org.mule.service.scheduler.internal.AbstractRunnableFutureDecorator.doRun(Ljava/util/concurrent/RunnableFuture;)V+133
j  org.mule.service.scheduler.internal.RunnableFutureDecorator.run()V+5
j  java.util.concurrent.ThreadPoolExecutor.runWorker(Ljava/util/concurrent/ThreadPoolExecutor$Worker;)V+95
j  java.util.concurrent.ThreadPoolExecutor$Worker.run()V+5
j  java.lang.Thread.run()V+11
v  ~StubRoutines::call_stub

---------------  P R O C E S S  ---------------

Java Threads: ( => current thread )
  0x00000252fce10000 JavaThread "[cicd-sample].processing.time.monitor.01" [_thread_blocked, id=21676, stack(0x000000b13e900000,0x000000b13ea00000)]
=>0x00000252fce12800 JavaThread "munit.01" [_thread_in_vm, id=37392, stack(0x000000b13e800000,0x000000b13e900000)]
  0x00000252fce14000 JavaThread "PolicyManager-StaleCleaner.01" [_thread_blocked, id=37152, stack(0x000000b13e700000,0x000000b13e800000)]
  0x00000252fce11800 JavaThread "StreamingManager-CursorProviderCollector.01" [_thread_blocked, id=41524, stack(0x000000b13e600000,0x000000b13e700000)]
  0x00000252fce13000 JavaThread "[MuleRuntime].timer" [_thread_blocked, id=31152, stack(0x000000b13e500000,0x000000b13e600000)]
  0x00000252fce14800 JavaThread "Scheduler Maintenance.01" [_thread_blocked, id=55176, stack(0x000000b13e400000,0x000000b13e500000)]
  0x00000252fce0f800 JavaThread "[MuleRuntime]._QuartzSchedulerThread" [_thread_blocked, id=32424, stack(0x000000b13e300000,0x000000b13e400000)]
  0x00000252fce0e800 JavaThread "[MuleRuntime]._qz-1" [_thread_blocked, id=13332, stack(0x000000b13e200000,0x000000b13e300000)]
  0x00000252fce15800 JavaThread "[MuleRuntime].uber.04" [_thread_blocked, id=42596, stack(0x000000b13e100000,0x000000b13e200000)]
  0x00000252fce11000 JavaThread "[MuleRuntime].uber.03" [_thread_blocked, id=28164, stack(0x000000b13e000000,0x000000b13e100000)]
  0x00000252feb0f800 JavaThread "[MuleRuntime].uber.02" [_thread_blocked, id=27264, stack(0x000000b13df00000,0x000000b13e000000)]
  0x00000252feb0c800 JavaThread "[MuleRuntime].uber.01" [_thread_blocked, id=40332, stack(0x000000b13de00000,0x000000b13df00000)]
  0x00000252feb11000 JavaThread "Log4j2-TF-4-AsyncLoggerConfig-4" daemon [_thread_blocked, id=14684, stack(0x000000b13dd00000,0x000000b13de00000)]
  0x00000252feb0e000 JavaThread "pool-3-thread-1" [_thread_in_native, id=2660, stack(0x000000b13da00000,0x000000b13db00000)]
  0x00000252feb0d800 JavaThread "Mule.app.deployer.monitor.1.thread.1" [_thread_blocked, id=36772, stack(0x000000b13d900000,0x000000b13da00000)]
  0x00000252fe815800 JavaThread "ForkJoinPool.commonPool-worker-3" daemon [_thread_blocked, id=1504, stack(0x000000b13d800000,0x000000b13d900000)]
  0x000002528a380800 JavaThread "Log4j2-TF-3-AsyncLoggerConfig-3" daemon [_thread_blocked, id=41244, stack(0x000000b13d600000,0x000000b13d700000)]
  0x00000252fe1b6000 JavaThread "[LicenseManager]" [_thread_in_Java, id=47308, stack(0x000000b13d500000,0x000000b13d600000)]
  0x00000252fe8cb000 JavaThread "Log4j2-TF-2-AsyncLoggerConfig-2" daemon [_thread_blocked, id=34440, stack(0x000000b13d400000,0x000000b13d500000)]
  0x00000252fd575800 JavaThread "ForkJoinPool.commonPool-worker-1" daemon [_thread_blocked, id=10684, stack(0x000000b13d300000,0x000000b13d400000)]
  0x00000252fde12000 JavaThread "logger.context.reaper" [_thread_blocked, id=49116, stack(0x000000b13d200000,0x000000b13d300000)]
  0x00000252fce54000 JavaThread "Log4j2-TF-1-AsyncLoggerConfig-1" daemon [_thread_blocked, id=47416, stack(0x000000b13d100000,0x000000b13d200000)]
  0x00000252feb56000 JavaThread "Embedded" [_thread_blocked, id=26616, stack(0x000000b13d000000,0x000000b13d100000)]
  0x00000252fb704800 JavaThread "Log4j2-TF-3-AsyncLoggerConfig--2" daemon [_thread_blocked, id=22776, stack(0x000000b13cf00000,0x000000b13d000000)]
  0x00000252fb2cf000 JavaThread "Log4j2-TF-1-AsyncLoggerConfig--1" daemon [_thread_blocked, id=24528, stack(0x000000b13ce00000,0x000000b13cf00000)]
  0x00000252fa478800 JavaThread "Service Thread" daemon [_thread_blocked, id=2940, stack(0x000000b13cc00000,0x000000b13cd00000)]
  0x00000252fa455800 JavaThread "C1 CompilerThread2" daemon [_thread_blocked, id=54744, stack(0x000000b13cb00000,0x000000b13cc00000)]
  0x00000252fa405800 JavaThread "C2 CompilerThread1" daemon [_thread_blocked, id=21444, stack(0x000000b13ca00000,0x000000b13cb00000)]
  0x00000252fa3ff000 JavaThread "C2 CompilerThread0" daemon [_thread_blocked, id=27324, stack(0x000000b13c900000,0x000000b13ca00000)]
  0x00000252fa3f8800 JavaThread "Attach Listener" daemon [_thread_blocked, id=19820, stack(0x000000b13c800000,0x000000b13c900000)]
  0x00000252fa3f5800 JavaThread "Signal Dispatcher" daemon [_thread_blocked, id=14120, stack(0x000000b13c700000,0x000000b13c800000)]
  0x00000252f9ca5000 JavaThread "Finalizer" daemon [_thread_blocked, id=3200, stack(0x000000b13c600000,0x000000b13c700000)]
  0x00000252fa3d6000 JavaThread "Reference Handler" daemon [_thread_blocked, id=6084, stack(0x000000b13c500000,0x000000b13c600000)]
  0x00000252e7194800 JavaThread "main" [_thread_in_native, id=4432, stack(0x000000b13bf00000,0x000000b13c000000)]

Other Threads:
  0x00000252fa3b2800 VMThread [stack: 0x000000b13c400000,0x000000b13c500000] [id=42660]
  0x00000252fa47a800 WatcherThread [stack: 0x000000b13cd00000,0x000000b13ce00000] [id=51396]

VM state:not at safepoint (normal execution)

VM Mutex/Monitor currently owned by a thread: None

heap address: 0x00000006c1e00000, size: 4066 MB, Compressed Oops mode: Zero based, Oop shift amount: 3
Narrow klass base: 0x0000000000000000, Narrow klass shift: 3
Compressed class space size: 1073741824 Address: 0x00000007c0000000

Heap:
 PSYoungGen      total 278016K, used 160150K [0x000000076b500000, 0x000000077da00000, 0x00000007c0000000)
  eden space 260608K, 56% used [0x000000076b500000,0x000000077445d070,0x000000077b380000)
  from space 17408K, 76% used [0x000000077c600000,0x000000077d308970,0x000000077d700000)
  to   space 18944K, 0% used [0x000000077b380000,0x000000077b380000,0x000000077c600000)
 ParOldGen       total 158208K, used 27827K [0x00000006c1e00000, 0x00000006cb880000, 0x000000076b500000)
  object space 158208K, 17% used [0x00000006c1e00000,0x00000006c392ce90,0x00000006cb880000)
 Metaspace       used 73753K, capacity 80666K, committed 80984K, reserved 1120256K
  class space    used 9626K, capacity 10788K, committed 10880K, reserved 1048576K

Card table byte_map: [0x00000252f7e10000,0x00000252f8610000] byte_map_base: 0x00000252f4801000

Marking Bits: (ParMarkBitMap*) 0x000000006c445f70
 Begin Bits: [0x0000025280000000, 0x0000025283f88000)
 End Bits:   [0x0000025283f88000, 0x0000025287f10000)

Polling page: 0x00000252e7140000

CodeCache: size=245760Kb used=27335Kb max_used=28914Kb free=218424Kb
 bounds [0x00000252e8a50000, 0x00000252ea6c0000, 0x00000252f7a50000]
 total_blobs=8185 nmethods=7594 adapters=503
 compilation: enabled

Compilation events (10 events):
Event: 48.644 Thread 0x00000252fa455800 9273       3       jdk.internal.org.objectweb.asm.MethodWriter::visitLdcInsn (176 bytes)
Event: 48.645 Thread 0x00000252fa455800 nmethod 9273 0x00000252ea030810 code [0x00000252ea0309e0, 0x00000252ea031030]
Event: 48.648 Thread 0x00000252fa455800 9274       3       jdk.internal.org.objectweb.asm.MethodVisitor::visitLdcInsn (16 bytes)
Event: 48.649 Thread 0x00000252fa455800 nmethod 9274 0x00000252e8e06810 code [0x00000252e8e06980, 0x00000252e8e06bf0]
Event: 48.664 Thread 0x00000252fa405800 9275       4       jdk.internal.org.objectweb.asm.MethodWriter::<init> (268 bytes)
Event: 48.689 Thread 0x00000252fa405800 nmethod 9275 0x00000252e9fdb450 code [0x00000252e9fdb620, 0x00000252e9fdc378]
Event: 48.691 Thread 0x00000252fa3ff000 9276       4       java.nio.ByteBuffer::arrayOffset (35 bytes)
Event: 48.692 Thread 0x00000252fa3ff000 nmethod 9276 0x00000252ea690f50 code [0x00000252ea691080, 0x00000252ea691118]
Event: 48.695 Thread 0x00000252fa455800 9277       3       jdk.internal.org.objectweb.asm.ClassWriter::newConstItem (308 bytes)
Event: 48.698 Thread 0x00000252fa455800 nmethod 9277 0x00000252e8c85d90 code [0x00000252e8c86260, 0x00000252e8c89850]

GC Heap History (10 events):
Event: 26.951 GC heap before
{Heap before GC invocations=11 (full 2):
 PSYoungGen      total 279552K, used 6996K [0x000000076b500000, 0x000000077da00000, 0x00000007c0000000)
  eden space 260608K, 0% used [0x000000076b500000,0x000000076b500000,0x000000077b380000)
  from space 18944K, 36% used [0x000000077b380000,0x000000077ba553a8,0x000000077c600000)
  to   space 17408K, 0% used [0x000000077c600000,0x000000077c600000,0x000000077d700000)
 ParOldGen       total 97280K, used 13992K [0x00000006c1e00000, 0x00000006c7d00000, 0x000000076b500000)
  object space 97280K, 14% used [0x00000006c1e00000,0x00000006c2baa320,0x00000006c7d00000)
 Metaspace       used 34256K, capacity 35234K, committed 35416K, reserved 1081344K
  class space    used 4165K, capacity 4376K, committed 4480K, reserved 1048576K
Event: 27.006 GC heap after
Heap after GC invocations=11 (full 2):
 PSYoungGen      total 279552K, used 0K [0x000000076b500000, 0x000000077da00000, 0x00000007c0000000)
  eden space 260608K, 0% used [0x000000076b500000,0x000000076b500000,0x000000077b380000)
  from space 18944K, 0% used [0x000000077b380000,0x000000077b380000,0x000000077c600000)
  to   space 17408K, 0% used [0x000000077c600000,0x000000077c600000,0x000000077d700000)
 ParOldGen       total 117760K, used 15858K [0x00000006c1e00000, 0x00000006c9100000, 0x000000076b500000)
  object space 117760K, 13% used [0x00000006c1e00000,0x00000006c2d7cbd0,0x00000006c9100000)
 Metaspace       used 34256K, capacity 35234K, committed 35416K, reserved 1081344K
  class space    used 4165K, capacity 4376K, committed 4480K, reserved 1048576K
}
Event: 33.765 GC heap before
{Heap before GC invocations=12 (full 2):
 PSYoungGen      total 279552K, used 260608K [0x000000076b500000, 0x000000077da00000, 0x00000007c0000000)
  eden space 260608K, 100% used [0x000000076b500000,0x000000077b380000,0x000000077b380000)
  from space 18944K, 0% used [0x000000077b380000,0x000000077b380000,0x000000077c600000)
  to   space 17408K, 0% used [0x000000077c600000,0x000000077c600000,0x000000077d700000)
 ParOldGen       total 117760K, used 15858K [0x00000006c1e00000, 0x00000006c9100000, 0x000000076b500000)
  object space 117760K, 13% used [0x00000006c1e00000,0x00000006c2d7cbd0,0x00000006c9100000)
 Metaspace       used 49877K, capacity 53890K, committed 53976K, reserved 1095680K
  class space    used 6602K, capacity 7353K, committed 7424K, reserved 1048576K
Event: 33.785 GC heap after
Heap after GC invocations=12 (full 2):
 PSYoungGen      total 278016K, used 17378K [0x000000076b500000, 0x000000077da00000, 0x00000007c0000000)
  eden space 260608K, 0% used [0x000000076b500000,0x000000076b500000,0x000000077b380000)
  from space 17408K, 99% used [0x000000077c600000,0x000000077d6f8a00,0x000000077d700000)
  to   space 18944K, 0% used [0x000000077b380000,0x000000077b380000,0x000000077c600000)
 ParOldGen       total 117760K, used 19839K [0x00000006c1e00000, 0x00000006c9100000, 0x000000076b500000)
  object space 117760K, 16% used [0x00000006c1e00000,0x00000006c315fdb8,0x00000006c9100000)
 Metaspace       used 49877K, capacity 53890K, committed 53976K, reserved 1095680K
  class space    used 6602K, capacity 7353K, committed 7424K, reserved 1048576K
}
Event: 35.529 GC heap before
{Heap before GC invocations=13 (full 2):
 PSYoungGen      total 278016K, used 92824K [0x000000076b500000, 0x000000077da00000, 0x00000007c0000000)
  eden space 260608K, 28% used [0x000000076b500000,0x000000076fead840,0x000000077b380000)
  from space 17408K, 99% used [0x000000077c600000,0x000000077d6f8a00,0x000000077d700000)
  to   space 18944K, 0% used [0x000000077b380000,0x000000077b380000,0x000000077c600000)
 ParOldGen       total 117760K, used 19839K [0x00000006c1e00000, 0x00000006c9100000, 0x000000076b500000)
  object space 117760K, 16% used [0x00000006c1e00000,0x00000006c315fdb8,0x00000006c9100000)
 Metaspace       used 54304K, capacity 58858K, committed 58968K, reserved 1099776K
  class space    used 7150K, capacity 7995K, committed 8064K, reserved 1048576K
Event: 35.555 GC heap after
Heap after GC invocations=13 (full 2):
 PSYoungGen      total 279552K, used 5567K [0x000000076b500000, 0x000000077da00000, 0x00000007c0000000)
  eden space 260608K, 0% used [0x000000076b500000,0x000000076b500000,0x000000077b380000)
  from space 18944K, 29% used [0x000000077b380000,0x000000077b8efcf8,0x000000077c600000)
  to   space 17408K, 0% used [0x000000077c600000,0x000000077c600000,0x000000077d700000)
 ParOldGen       total 117760K, used 27907K [0x00000006c1e00000, 0x00000006c9100000, 0x000000076b500000)
  object space 117760K, 23% used [0x00000006c1e00000,0x00000006c3940d40,0x00000006c9100000)
 Metaspace       used 54304K, capacity 58858K, committed 58968K, reserved 1099776K
  class space    used 7150K, capacity 7995K, committed 8064K, reserved 1048576K
}
Event: 35.555 GC heap before
{Heap before GC invocations=14 (full 3):
 PSYoungGen      total 279552K, used 5567K [0x000000076b500000, 0x000000077da00000, 0x00000007c0000000)
  eden space 260608K, 0% used [0x000000076b500000,0x000000076b500000,0x000000077b380000)
  from space 18944K, 29% used [0x000000077b380000,0x000000077b8efcf8,0x000000077c600000)
  to   space 17408K, 0% used [0x000000077c600000,0x000000077c600000,0x000000077d700000)
 ParOldGen       total 117760K, used 27907K [0x00000006c1e00000, 0x00000006c9100000, 0x000000076b500000)
  object space 117760K, 23% used [0x00000006c1e00000,0x00000006c3940d40,0x00000006c9100000)
 Metaspace       used 54304K, capacity 58858K, committed 58968K, reserved 1099776K
  class space    used 7150K, capacity 7995K, committed 8064K, reserved 1048576K
Event: 35.811 GC heap after
Heap after GC invocations=14 (full 3):
 PSYoungGen      total 279552K, used 0K [0x000000076b500000, 0x000000077da00000, 0x00000007c0000000)
  eden space 260608K, 0% used [0x000000076b500000,0x000000076b500000,0x000000077b380000)
  from space 18944K, 0% used [0x000000077b380000,0x000000077b380000,0x000000077c600000)
  to   space 17408K, 0% used [0x000000077c600000,0x000000077c600000,0x000000077d700000)
 ParOldGen       total 158208K, used 27819K [0x00000006c1e00000, 0x00000006cb880000, 0x000000076b500000)
  object space 158208K, 17% used [0x00000006c1e00000,0x00000006c392ae90,0x00000006cb880000)
 Metaspace       used 54304K, capacity 58858K, committed 58968K, reserved 1099776K
  class space    used 7150K, capacity 7995K, committed 8064K, reserved 1048576K
}
Event: 40.978 GC heap before
{Heap before GC invocations=15 (full 3):
 PSYoungGen      total 279552K, used 260608K [0x000000076b500000, 0x000000077da00000, 0x00000007c0000000)
  eden space 260608K, 100% used [0x000000076b500000,0x000000077b380000,0x000000077b380000)
  from space 18944K, 0% used [0x000000077b380000,0x000000077b380000,0x000000077c600000)
  to   space 17408K, 0% used [0x000000077c600000,0x000000077c600000,0x000000077d700000)
 ParOldGen       total 158208K, used 27819K [0x00000006c1e00000, 0x00000006cb880000, 0x000000076b500000)
  object space 158208K, 17% used [0x00000006c1e00000,0x00000006c392ae90,0x00000006cb880000)
 Metaspace       used 62056K, capacity 67726K, committed 68056K, reserved 1107968K
  class space    used 8161K, capacity 9128K, committed 9216K, reserved 1048576K
Event: 40.994 GC heap after
Heap after GC invocations=15 (full 3):
 PSYoungGen      total 278016K, used 13346K [0x000000076b500000, 0x000000077da00000, 0x00000007c0000000)
  eden space 260608K, 0% used [0x000000076b500000,0x000000076b500000,0x000000077b380000)
  from space 17408K, 76% used [0x000000077c600000,0x000000077d308970,0x000000077d700000)
  to   space 18944K, 0% used [0x000000077b380000,0x000000077b380000,0x000000077c600000)
 ParOldGen       total 158208K, used 27827K [0x00000006c1e00000, 0x00000006cb880000, 0x000000076b500000)
  object space 158208K, 17% used [0x00000006c1e00000,0x00000006c392ce90,0x00000006cb880000)
 Metaspace       used 62056K, capacity 67726K, committed 68056K, reserved 1107968K
  class space    used 8161K, capacity 9128K, committed 9216K, reserved 1048576K
}

Deoptimization events (10 events):
Event: 44.055 Thread 0x00000252fce12800 Uncommon trap: reason=unstable_if action=reinterpret pc=0x00000252e8ec6504 method=java.util.WeakHashMap.remove(Ljava/lang/Object;)Ljava/lang/Object; @ 94
Event: 44.095 Thread 0x00000252fce12800 Uncommon trap: reason=unstable_if action=reinterpret pc=0x00000252e908b1f4 method=java.util.HashMap.hash(Ljava/lang/Object;)I @ 1
Event: 44.109 Thread 0x00000252fce12800 Uncommon trap: reason=unstable_if action=reinterpret pc=0x00000252e8f3559c method=java.util.HashMap.hash(Ljava/lang/Object;)I @ 1
Event: 44.141 Thread 0x00000252fce12800 Uncommon trap: reason=unstable_if action=reinterpret pc=0x00000252e8de21bc method=net.sf.cglib.asm.$Type.appendDescriptor(Ljava/lang/Class;Ljava/lang/StringBuilder;)V @ 6
Event: 44.478 Thread 0x00000252fce12800 Uncommon trap: reason=class_check action=maybe_recompile pc=0x00000252e93bf38c method=java.util.Collections$UnmodifiableMap.isEmpty()Z @ 4
Event: 44.684 Thread 0x00000252fce12800 Uncommon trap: reason=bimorphic action=maybe_recompile pc=0x00000252e9df94d0 method=java.util.stream.ReferencePipeline.collect(Ljava/util/stream/Collector;)Ljava/lang/Object; @ 112
Event: 44.700 Thread 0x00000252fce12800 Uncommon trap: reason=unstable_if action=reinterpret pc=0x00000252e95ab71c method=java.util.regex.Pattern$GroupTail.match(Ljava/util/regex/Matcher;ILjava/lang/CharSequence;)Z @ 13
Event: 44.704 Thread 0x00000252fce12800 Uncommon trap: reason=class_check action=maybe_recompile pc=0x00000252e93bf38c method=java.util.Collections$UnmodifiableMap.isEmpty()Z @ 4
Event: 47.005 Thread 0x00000252fce12800 Uncommon trap: reason=unstable_if action=reinterpret pc=0x00000252e99644f0 method=jdk.internal.org.objectweb.asm.MethodWriter.visitMethodInsn(ILjava/lang/String;Ljava/lang/String;Ljava/lang/String;Z)V @ 70
Event: 47.025 Thread 0x00000252fce12800 Uncommon trap: reason=unstable_if action=reinterpret pc=0x00000252e99f43b0 method=jdk.internal.org.objectweb.asm.ByteVector.putInt(I)Ljdk/internal/org/objectweb/asm/ByteVector; @ 13

Classes redefined (0 events):
No events

Internal exceptions (10 events):
Event: 44.696 Thread 0x00000252fce12800 Exception <a 'java/lang/ClassNotFoundException': org/mule/runtime/module/extension/internal/runtime/resolver/ExpressionValueResolverCustomizer> (0x00000007726ce5a0) thrown at [C:\cygwin64\tmp\openjdk-jdk8u-windows-x64-hotspot\workspace\build\src\hotspot\s
Event: 44.697 Thread 0x00000252fce12800 Exception <a 'java/lang/ClassNotFoundException': org/mule/runtime/module/extension/internal/runtime/resolver/ExpressionTypedValueValueResolverCustomizer> (0x000000077270d968) thrown at [C:\cygwin64\tmp\openjdk-jdk8u-windows-x64-hotspot\workspace\build\src
Event: 44.699 Thread 0x00000252fce12800 Exception <a 'java/lang/ClassNotFoundException': org/mule/runtime/module/extension/internal/runtime/resolver/ExpressionBasedValueResolverBeanInfo> (0x0000000772750fa8) thrown at [C:\cygwin64\tmp\openjdk-jdk8u-windows-x64-hotspot\workspace\build\src\hotspo
Event: 44.700 Thread 0x00000252fce12800 Exception <a 'java/lang/ClassNotFoundException': org/mule/runtime/module/extension/internal/runtime/resolver/ExpressionBasedValueResolverCustomizer> (0x0000000772785cf8) thrown at [C:\cygwin64\tmp\openjdk-jdk8u-windows-x64-hotspot\workspace\build\src\hots
Event: 47.181 Thread 0x00000252fce12800 Exception <a 'java/lang/NoSuchMethodError': java.lang.Object.$anonfun$$plus$plus$eq$1(Lscala/collection/generic/Growable;Ljava/lang/Object;)Lscala/collection/generic/Growable;> (0x00000007736afbf0) thrown at [C:\cygwin64\tmp\openjdk-jdk8u-windows-x64-hots
Event: 47.241 Thread 0x00000252fce12800 Exception <a 'java/lang/NoSuchMethodError': java.lang.Object.$anonfun$toStream$1(Lscala/collection/Iterator;)Lscala/collection/immutable/Stream;> (0x00000007737e4918) thrown at [C:\cygwin64\tmp\openjdk-jdk8u-windows-x64-hotspot\workspace\build\src\hotspot
Event: 48.563 Thread 0x00000252fce12800 Exception <a 'java/lang/NoSuchMethodError': java.lang.Object.$anonfun$groupBy$1(Lscala/collection/TraversableLike;Lscala/Function1;Lscala/collection/mutable/Map;Ljava/lang/Object;)Lscala/collection/mutable/Builder;> (0x00000007738a2ca0) thrown at [C:\cygw
Event: 48.565 Thread 0x00000252fce12800 Exception <a 'java/lang/NoSuchMethodError': java.lang.Object.$anonfun$groupBy$2(Lscala/collection/TraversableLike;)Lscala/collection/mutable/Builder;> (0x00000007738ada58) thrown at [C:\cygwin64\tmp\openjdk-jdk8u-windows-x64-hotspot\workspace\build\src\ho
Event: 48.578 Thread 0x00000252fce12800 Exception <a 'java/lang/NoSuchMethodError': java.lang.Object.$anonfun$groupBy$3$adapted(Lscala/Tuple2;)Ljava/lang/Object;> (0x0000000773904288) thrown at [C:\cygwin64\tmp\openjdk-jdk8u-windows-x64-hotspot\workspace\build\src\hotspot\src\share\vm\interpret
Event: 48.579 Thread 0x00000252fce12800 Exception <a 'java/lang/NoSuchMethodError': java.lang.Object.$anonfun$groupBy$4(Lscala/collection/mutable/Builder;Lscala/Tuple2;)Lscala/collection/mutable/Builder;> (0x0000000773912d20) thrown at [C:\cygwin64\tmp\openjdk-jdk8u-windows-x64-hotspot\workspac

Events (10 events):
Event: 48.724 loading class org/mule/weave/v2/parser/phase/ParsingContentInput
Event: 48.724 loading class org/mule/weave/v2/parser/phase/ParsingContentInput done
Event: 48.724 loading class scala/Function2
Event: 48.724 loading class scala/Function2 done
Event: 48.730 Executing VM operation: RevokeBias
Event: 48.730 Executing VM operation: RevokeBias done
Event: 48.738 loading class org/mule/weave/v2/parser/ast/variables/NameIdentifier
Event: 48.738 loading class org/mule/weave/v2/parser/ast/variables/NameIdentifier done
Event: 48.738 loading class org/mule/weave/v2/parser/ast/variables/NameIdentifier
Event: 48.738 loading class org/mule/weave/v2/parser/ast/variables/NameIdentifier done


Dynamic libraries:
0x00007ff753c50000 - 0x00007ff753c8a000 	C:\AnypointStudio-7.6.0-win64\AnypointStudio\plugins\org.mule.tooling.jdk.win32.x86_64_1.0.0.202004281356\bin\javaw.exe
0x00007ff9f2070000 - 0x00007ff9f2266000 	C:\WINDOWS\SYSTEM32\ntdll.dll
0x00007ff9f05b0000 - 0x00007ff9f066d000 	C:\WINDOWS\System32\KERNEL32.DLL
0x00007ff9efc40000 - 0x00007ff9eff09000 	C:\WINDOWS\System32\KERNELBASE.dll
0x00007ff9f11e0000 - 0x00007ff9f128c000 	C:\WINDOWS\System32\ADVAPI32.dll
0x00007ff9f18b0000 - 0x00007ff9f194e000 	C:\WINDOWS\System32\msvcrt.dll
0x00007ff9f0fb0000 - 0x00007ff9f104c000 	C:\WINDOWS\System32\sechost.dll
0x00007ff9f1970000 - 0x00007ff9f1a9b000 	C:\WINDOWS\System32\RPCRT4.dll
0x00007ff9f1aa0000 - 0x00007ff9f1c40000 	C:\WINDOWS\System32\USER32.dll
0x00007ff9efac0000 - 0x00007ff9efae2000 	C:\WINDOWS\System32\win32u.dll
0x00007ff9f00d0000 - 0x00007ff9f00fa000 	C:\WINDOWS\System32\GDI32.dll
0x00007ff9ef9b0000 - 0x00007ff9efabb000 	C:\WINDOWS\System32\gdi32full.dll
0x00007ff9efb70000 - 0x00007ff9efc0d000 	C:\WINDOWS\System32\msvcp_win.dll
0x00007ff9ef800000 - 0x00007ff9ef900000 	C:\WINDOWS\System32\ucrtbase.dll
0x00007ff9e5dd0000 - 0x00007ff9e606b000 	C:\WINDOWS\WinSxS\amd64_microsoft.windows.common-controls_6595b64144ccf1df_6.0.19041.746_none_ca02b4b61b8320a4\COMCTL32.dll
0x00007ff9f1fa0000 - 0x00007ff9f1fd0000 	C:\WINDOWS\System32\IMM32.DLL
0x00007ff9d8010000 - 0x00007ff9d80ff000 	C:\AnypointStudio-7.6.0-win64\AnypointStudio\plugins\org.mule.tooling.jdk.win32.x86_64_1.0.0.202004281356\jre\bin\msvcr120.dll
0x00007ff9db3e0000 - 0x00007ff9db486000 	C:\AnypointStudio-7.6.0-win64\AnypointStudio\plugins\org.mule.tooling.jdk.win32.x86_64_1.0.0.202004281356\jre\bin\msvcp120.dll
0x000000006bcc0000 - 0x000000006c4bf000 	C:\AnypointStudio-7.6.0-win64\AnypointStudio\plugins\org.mule.tooling.jdk.win32.x86_64_1.0.0.202004281356\jre\bin\server\jvm.dll
0x00007ff9f1960000 - 0x00007ff9f1968000 	C:\WINDOWS\System32\PSAPI.DLL
0x00007ff9e3d30000 - 0x00007ff9e3d39000 	C:\WINDOWS\SYSTEM32\WSOCK32.dll
0x00007ff9f1eb0000 - 0x00007ff9f1f1b000 	C:\WINDOWS\System32\WS2_32.dll
0x00007ff9e69c0000 - 0x00007ff9e69e7000 	C:\WINDOWS\SYSTEM32\WINMM.dll
0x00007ff9e7300000 - 0x00007ff9e730a000 	C:\WINDOWS\SYSTEM32\VERSION.dll
0x00007ff9eb4a0000 - 0x00007ff9eb4af000 	C:\AnypointStudio-7.6.0-win64\AnypointStudio\plugins\org.mule.tooling.jdk.win32.x86_64_1.0.0.202004281356\jre\bin\verify.dll
0x00007ff9ea360000 - 0x00007ff9ea388000 	C:\AnypointStudio-7.6.0-win64\AnypointStudio\plugins\org.mule.tooling.jdk.win32.x86_64_1.0.0.202004281356\jre\bin\java.dll
0x00007ff9ea500000 - 0x00007ff9ea516000 	C:\AnypointStudio-7.6.0-win64\AnypointStudio\plugins\org.mule.tooling.jdk.win32.x86_64_1.0.0.202004281356\jre\bin\zip.dll
0x00007ff9f0670000 - 0x00007ff9f0db2000 	C:\WINDOWS\System32\SHELL32.dll
0x00007ff9ed610000 - 0x00007ff9edda0000 	C:\WINDOWS\SYSTEM32\windows.storage.dll
0x00007ff9f0250000 - 0x00007ff9f05a6000 	C:\WINDOWS\System32\combase.dll
0x00007ff9ef140000 - 0x00007ff9ef16c000 	C:\WINDOWS\SYSTEM32\Wldp.dll
0x00007ff9f0dd0000 - 0x00007ff9f0e7e000 	C:\WINDOWS\System32\SHCORE.dll
0x00007ff9f01f0000 - 0x00007ff9f0245000 	C:\WINDOWS\System32\shlwapi.dll
0x00007ff9ef6e0000 - 0x00007ff9ef706000 	C:\WINDOWS\SYSTEM32\profapi.dll
0x00007ff9ea550000 - 0x00007ff9ea55d000 	C:\AnypointStudio-7.6.0-win64\AnypointStudio\plugins\org.mule.tooling.jdk.win32.x86_64_1.0.0.202004281356\jre\bin\management.dll
0x00007ff9ea0f0000 - 0x00007ff9ea10a000 	C:\AnypointStudio-7.6.0-win64\AnypointStudio\plugins\org.mule.tooling.jdk.win32.x86_64_1.0.0.202004281356\jre\bin\net.dll
0x00007ff9eeec0000 - 0x00007ff9eef2a000 	C:\WINDOWS\system32\mswsock.dll
0x00007ff9dc890000 - 0x00007ff9dc8a7000 	C:\WINDOWS\system32\napinsp.dll
0x00007ff9dc870000 - 0x00007ff9dc88b000 	C:\WINDOWS\system32\pnrpnsp.dll
0x00007ff9eaa10000 - 0x00007ff9eaa25000 	C:\WINDOWS\system32\wshbth.dll
0x00007ff9e98b0000 - 0x00007ff9e98cd000 	C:\WINDOWS\system32\NLAapi.dll
0x00007ff9eebb0000 - 0x00007ff9eebeb000 	C:\WINDOWS\SYSTEM32\IPHLPAPI.DLL
0x00007ff9eebf0000 - 0x00007ff9eecbb000 	C:\WINDOWS\SYSTEM32\DNSAPI.dll
0x00007ff9f0dc0000 - 0x00007ff9f0dc8000 	C:\WINDOWS\System32\NSI.dll
0x00007ff9dc850000 - 0x00007ff9dc862000 	C:\WINDOWS\System32\winrnr.dll
0x00007ff9e6e90000 - 0x00007ff9e6e9a000 	C:\Windows\System32\rasadhlp.dll
0x00007ff9e6d70000 - 0x00007ff9e6def000 	C:\WINDOWS\System32\fwpuclnt.dll
0x00007ff9efc10000 - 0x00007ff9efc37000 	C:\WINDOWS\System32\bcrypt.dll
0x00007ff9ea080000 - 0x00007ff9ea092000 	C:\AnypointStudio-7.6.0-win64\AnypointStudio\plugins\org.mule.tooling.jdk.win32.x86_64_1.0.0.202004281356\jre\bin\nio.dll
0x00007ff9ef0a0000 - 0x00007ff9ef0b8000 	C:\WINDOWS\SYSTEM32\CRYPTSP.dll
0x00007ff9ee860000 - 0x00007ff9ee894000 	C:\WINDOWS\system32\rsaenh.dll
0x00007ff9ef6a0000 - 0x00007ff9ef6ce000 	C:\WINDOWS\SYSTEM32\USERENV.dll
0x00007ff9efaf0000 - 0x00007ff9efb70000 	C:\WINDOWS\System32\bcryptprimitives.dll
0x00007ff9ef090000 - 0x00007ff9ef09c000 	C:\WINDOWS\SYSTEM32\CRYPTBASE.dll
0x00007ff9e8ff0000 - 0x00007ff9e9007000 	C:\WINDOWS\SYSTEM32\dhcpcsvc6.DLL
0x00007ff9e8fd0000 - 0x00007ff9e8fed000 	C:\WINDOWS\SYSTEM32\dhcpcsvc.DLL

VM Arguments:
jvm_args: -Djava.library.path= -Dlog4j.skipJansi=true -Djava.io.tmpdir=C:\Users\user\AppData\Local\Temp\ -Dorg.glassfish.grizzly.DEFAULT_MEMORY_MANAGER=org.glassfish.grizzly.memory.HeapMemoryManager -Dmule.testingMode -Dmunit.server.port=40212 -Dlog4j.configurationFile=C:\Users\user\AppData\Local\Temp\munit-temp-dir\munittarget5578954877404374249\test-classes\log4j2-test.xml -Dfile.encoding=UTF-8 
java_command: org.mule.munit.remote.RemoteRunner -run_configuration C:\Users\user\AppData\Local\Temp\munit-temp-dir\munitworkingdir8552783900378766696\run-configuration.json
java_class_path (initial): C:\AnypointStudio-7.6.0-win64\AnypointStudio\plugins\org.mule.tooling.ui.contribution.munit_2.6.0.202006301835\lib\munit-remote-jar-with-dependencies.jar;C:\Users\user\AppData\Local\Temp\munit-temp-dir\munittarget5578954877404374249\test-classes\log4j2-test.xml
Launcher Type: SUN_STANDARD

Environment Variables:
JAVA_HOME=C:\Program Files\Java\jre1.8.0_201
CLASSPATH=C:\Program Files\Java\jdk1.8.0_201\lib
PATH=E:\app\user\product\11.2.0\dbhome_2\bin;C:\Program Files (x86)\Common Files\Oracle\Java\javapath;C:\WINDOWS\system32;C:\WINDOWS;C:\WINDOWS\System32\Wbem;C:\WINDOWS\System32\WindowsPowerShell\v1.0\;C:\WINDOWS\System32\OpenSSH\;C:\zookeeper-3.6.1\bin;%JAVA_HOME%\bin;C:\Program Files\Git\cmd;E:\apache-maven-3.6.3\bin;C:\Program Files\MySQL\MySQL Shell 8.0\bin\;C:\Program Files\Java\jdk1.8.0_201\bin
USERNAME=user
OS=Windows_NT
PROCESSOR_IDENTIFIER=Intel64 Family 6 Model 61 Stepping 4, GenuineIntel



---------------  S Y S T E M  ---------------

OS: Windows 10.0 , 64 bit Build 19041 (10.0.19041.804)

CPU:total 4 (initial active 4) (2 cores per cpu, 2 threads per core) family 6 model 61 stepping 4, cmov, cx8, fxsr, mmx, sse, sse2, sse3, ssse3, sse4.1, sse4.2, popcnt, avx, avx2, aes, clmul, erms, rtm, 3dnowpref, lzcnt, ht, tsc, tscinvbit, bmi1, bmi2, adx

Memory: 4k page, physical 16649324k(3483756k free), swap 30579592k(5148k free)

vm_info: OpenJDK 64-Bit Server VM (25.232-b09) for windows-amd64 JRE (1.8.0_232-b09), built on Oct 18 2019 15:06:13 by "jenkins" with MS VC++ 12.0 (VS2013)

time: Mon Mar 15 15:07:30 2021
timezone: India Standard Time
elapsed time: 49 seconds (0d 0h 0m 49s)

